>>>>>>>>>>>>Input graph: 
0 1
0 11
0 6
1 0
1 2
1 5
2 1
2 10
2 3
3 9
3 2
3 4
4 8
4 3
4 5
5 1
5 4
5 6
6 0
6 5
6 7
7 8
7 11
7 6
8 9
8 4
8 7
9 8
9 10
9 3
10 9
10 2
10 11
11 0
11 10
11 7
>>>>>>>>>>>>Input k: 3
>>>>>>>>>>>>Input optimal value: 21
>>>>>>>>>>>>Input solution: 
0 1 0 0 0 1 1 0 0 0 1 0 1 0 0 0 1 0 1 0 0 0 1 0 0 0 1 1 0 0 0 1 0 1 0 0 
>>>>>>>>>>>>finish input
>>>>>>>>>>>>Chromatic sum is: 21
>>>>>>>>>>>>Input graph: 
0 1
0 2
1 0
1 2
1 3
2 0
2 1
2 4
3 1
4 2
>>>>>>>>>>>>Input k: 3
>>>>>>>>>>>>Input optimal value: 8
>>>>>>>>>>>>Input solution: 
1 0 0 0 0 1 0 1 0 1 0 0 1 0 0 
>>>>>>>>>>>>finish input
>>>>>>>>>>>>Chromatic sum is: 8
>>>>>>>>>>>>Input graph: 
0 3
0 4
1 2
1 4
2 1
2 4
3 0
3 4
4 0
4 1
4 2
4 3
>>>>>>>>>>>>Input k: 3
>>>>>>>>>>>>Input optimal value: 9
>>>>>>>>>>>>Input solution: 
1 0 0 1 0 0 0 1 0 0 1 0 0 0 1 
>>>>>>>>>>>>finish input
>>>>>>>>>>>>Chromatic sum is: 9
>>>>>>>>>>>>Input graph: 
0 1
0 9
1 0
1 2
2 1
2 3
3 2
3 4
4 3
4 5
5 4
5 6
6 5
6 7
7 8
7 6
8 9
8 7
9 0
9 8
>>>>>>>>>>>>Input k: 2
>>>>>>>>>>>>Input optimal value: 15
>>>>>>>>>>>>Input solution: 
1 0 0 1 1 0 0 1 1 0 0 1 1 0 0 1 1 0 0 1 
>>>>>>>>>>>>finish input
>>>>>>>>>>>>Chromatic sum is: 15
>>>>>>>>>>>>Input graph: 
0 1
0 10
1 0
1 2
2 1
2 3
3 2
3 4
4 3
4 5
5 4
5 6
6 5
6 7
7 8
7 6
8 9
8 7
9 8
9 10
10 0
10 9
>>>>>>>>>>>>Input k: 3
>>>>>>>>>>>>Input optimal value: 18
>>>>>>>>>>>>Input solution: 
0 1 0 1 0 0 0 0 1 0 1 0 1 0 0 0 1 0 1 0 0 0 1 0 1 0 0 0 1 0 1 0 0 
>>>>>>>>>>>>finish input
>>>>>>>>>>>>Chromatic sum is: 18
>>>>>>>>>>>>Input graph: 
0 1
0 11
1 0
1 2
2 1
2 3
3 2
3 4
4 3
4 5
5 4
5 6
6 5
6 7
7 8
7 6
8 9
8 7
9 8
9 10
10 9
10 11
11 0
11 10
>>>>>>>>>>>>Input k: 2
>>>>>>>>>>>>Input optimal value: 18
>>>>>>>>>>>>Input solution: 
1 0 0 1 1 0 0 1 1 0 0 1 1 0 0 1 1 0 0 1 1 0 0 1 
>>>>>>>>>>>>finish input
>>>>>>>>>>>>Chromatic sum is: 18
>>>>>>>>>>>>Input graph: 
0 1
0 3
1 0
1 2
2 1
2 3
3 0
3 2
>>>>>>>>>>>>Input k: 2
>>>>>>>>>>>>Input optimal value: 6
>>>>>>>>>>>>Input solution: 
1 0 0 1 1 0 0 1 
>>>>>>>>>>>>finish input
>>>>>>>>>>>>Chromatic sum is: 6
>>>>>>>>>>>>Input graph: 
0 1
0 4
1 0
1 2
2 1
2 3
3 2
3 4
4 0
4 3
>>>>>>>>>>>>Input k: 3
>>>>>>>>>>>>Input optimal value: 9
>>>>>>>>>>>>Input solution: 
0 1 0 1 0 0 0 0 1 0 1 0 1 0 0 
>>>>>>>>>>>>finish input
>>>>>>>>>>>>Chromatic sum is: 9
>>>>>>>>>>>>Input graph: 
0 1
0 5
1 0
1 2
2 1
2 3
3 2
3 4
4 3
4 5
5 0
5 4
>>>>>>>>>>>>Input k: 2
>>>>>>>>>>>>Input optimal value: 9
>>>>>>>>>>>>Input solution: 
1 0 0 1 1 0 0 1 1 0 0 1 
>>>>>>>>>>>>finish input
>>>>>>>>>>>>Chromatic sum is: 9
>>>>>>>>>>>>Input graph: 
0 1
0 6
1 0
1 2
2 1
2 3
3 2
3 4
4 3
4 5
5 4
5 6
6 0
6 5
>>>>>>>>>>>>Input k: 3
>>>>>>>>>>>>Input optimal value: 12
>>>>>>>>>>>>Input solution: 
0 1 0 1 0 0 0 0 1 0 1 0 1 0 0 0 1 0 1 0 0 
>>>>>>>>>>>>finish input
>>>>>>>>>>>>Chromatic sum is: 12
>>>>>>>>>>>>Input graph: 
0 1
0 7
1 0
1 2
2 1
2 3
3 2
3 4
4 3
4 5
5 4
5 6
6 5
6 7
7 0
7 6
>>>>>>>>>>>>Input k: 2
>>>>>>>>>>>>Input optimal value: 12
>>>>>>>>>>>>Input solution: 
1 0 0 1 1 0 0 1 1 0 0 1 1 0 0 1 
>>>>>>>>>>>>finish input
>>>>>>>>>>>>Chromatic sum is: 12
>>>>>>>>>>>>Input graph: 
0 8
0 1
1 0
1 2
2 1
2 3
3 2
3 4
4 3
4 5
5 4
5 6
6 5
6 7
7 8
7 6
8 0
8 7
>>>>>>>>>>>>Input k: 3
>>>>>>>>>>>>Input optimal value: 15
>>>>>>>>>>>>Input solution: 
0 1 0 1 0 0 0 0 1 0 1 0 1 0 0 0 1 0 1 0 0 0 1 0 1 0 0 
>>>>>>>>>>>>finish input
>>>>>>>>>>>>Chromatic sum is: 15
>>>>>>>>>>>>Input graph: 
0 1
0 4
0 6
0 9
1 0
1 2
1 5
1 7
2 8
2 1
2 3
2 6
3 9
3 2
3 4
3 7
4 0
4 8
4 3
4 5
5 1
5 10
5 11
5 4
6 0
6 2
6 11
6 10
7 8
7 1
7 3
7 11
8 2
8 4
8 10
8 7
9 0
9 11
9 10
9 3
10 8
10 9
10 5
10 6
11 9
11 5
11 6
11 7
>>>>>>>>>>>>Input k: 4
>>>>>>>>>>>>Input optimal value: 25
>>>>>>>>>>>>Input solution: 
0 0 1 0 0 1 0 0 1 0 0 0 0 0 0 1 1 0 0 0 0 0 1 0 0 1 0 0 0 0 1 0 0 1 0 0 0 1 0 0 1 0 0 0 1 0 0 0 
>>>>>>>>>>>>finish input
>>>>>>>>>>>>Chromatic sum is: 25
>>>>>>>>>>>>Input graph: 
0 8
0 1
0 10
0 13
0 6
1 0
1 9
1 3
1 4
1 15
2 8
2 10
2 3
2 12
2 15
3 1
3 2
3 11
3 5
3 6
4 1
4 10
4 12
4 5
4 14
5 8
5 3
5 4
5 13
5 7
6 0
6 3
6 12
6 14
6 7
7 9
7 10
7 5
7 6
7 15
8 0
8 9
8 2
8 5
8 14
9 8
9 1
9 11
9 12
9 7
10 0
10 2
10 11
10 4
10 7
11 9
11 10
11 3
11 13
11 14
12 9
12 2
12 4
12 13
12 6
13 0
13 11
13 12
13 5
13 15
14 8
14 11
14 4
14 6
14 15
15 1
15 2
15 13
15 14
15 7
>>>>>>>>>>>>Input k: 4
>>>>>>>>>>>>Input optimal value: 36
>>>>>>>>>>>>Input solution: 
0 0 1 0 1 0 0 0 1 0 0 0 0 1 0 0 0 0 1 0 1 0 0 0 1 0 0 0 0 0 0 1 0 1 0 0 0 0 1 0 0 1 0 0 1 0 0 0 0 1 0 0 0 0 0 1 0 0 0 1 0 1 0 0 
>>>>>>>>>>>>finish input
>>>>>>>>>>>>Chromatic sum is: 36
>>>>>>>>>>>>Input graph: 
0 1
0 2
1 0
1 2
1 3
2 0
2 1
2 3
3 1
3 2
>>>>>>>>>>>>Input k: 3
>>>>>>>>>>>>Input optimal value: 7
>>>>>>>>>>>>Input solution: 
1 0 0 0 1 0 0 0 1 1 0 0 
>>>>>>>>>>>>finish input
>>>>>>>>>>>>Chromatic sum is: 7
>>>>>>>>>>>>Input graph: 
0 1
0 5
0 6
0 7
1 0
1 8
1 2
1 6
2 8
2 1
2 3
2 7
3 2
3 4
3 6
3 7
4 8
4 3
4 5
4 6
5 0
5 8
5 4
5 7
6 0
6 1
6 3
6 4
6 7
6 8
7 0
7 2
7 3
7 5
7 6
7 8
8 1
8 2
8 4
8 5
8 6
8 7
>>>>>>>>>>>>Input k: 3
>>>>>>>>>>>>Input optimal value: 18
>>>>>>>>>>>>Input solution: 
0 0 1 0 1 0 1 0 0 0 0 1 0 1 0 1 0 0 1 0 0 0 1 0 0 0 1 
>>>>>>>>>>>>finish input
>>>>>>>>>>>>Chromatic sum is: 18
>>>>>>>>>>>>Input graph: 
0 1
0 10
0 19
1 0
1 8
1 2
2 1
2 3
2 6
3 2
3 19
3 4
4 17
4 3
4 5
5 4
5 6
5 15
6 2
6 5
6 7
7 8
7 14
7 6
8 1
8 9
8 7
9 8
9 10
9 13
10 0
10 9
10 11
11 10
11 12
11 18
12 16
12 11
12 13
13 9
13 12
13 14
14 15
14 13
14 7
15 16
15 5
15 14
16 17
16 12
16 15
17 16
17 18
17 4
18 19
18 17
18 11
19 0
19 18
19 3
>>>>>>>>>>>>Input k: 3
>>>>>>>>>>>>Input optimal value: 38
>>>>>>>>>>>>Input solution: 
0 0 1 0 1 0 1 0 0 0 0 1 0 1 0 1 0 0 0 0 1 0 1 0 1 0 0 0 0 1 1 0 0 0 1 0 1 0 0 0 1 0 1 0 0 0 0 1 0 1 0 1 0 0 0 0 1 1 0 0 
>>>>>>>>>>>>finish input
>>>>>>>>>>>>Chromatic sum is: 38
>>>>>>>>>>>>Input graph: 
0 1
0 5
0 6
1 0
1 2
1 7
2 8
2 1
2 3
3 9
3 2
3 4
4 10
4 3
4 5
5 0
5 11
5 4
6 0
6 8
6 10
7 1
7 11
7 9
8 2
8 10
8 6
9 11
9 3
9 7
10 8
10 4
10 6
11 9
11 5
11 7
>>>>>>>>>>>>Input k: 3
>>>>>>>>>>>>Input optimal value: 24
>>>>>>>>>>>>Input solution: 
0 0 1 0 1 0 1 0 0 0 0 1 1 0 0 0 1 0 1 0 0 1 0 0 0 1 0 0 1 0 0 0 1 0 0 1 
>>>>>>>>>>>>finish input
>>>>>>>>>>>>Chromatic sum is: 24
>>>>>>>>>>>>Input graph: 
0 16
0 1
0 15
0 14
0 7
1 0
1 9
1 2
1 14
1 15
2 1
2 3
2 8
2 9
2 10
2 14
3 9
3 2
3 11
3 4
3 10
4 11
4 10
4 3
4 12
4 5
5 12
5 11
5 4
5 13
5 6
6 16
6 5
6 7
6 8
6 12
6 13
7 0
7 16
7 13
7 6
7 15
8 16
8 2
8 6
8 10
8 12
8 14
9 1
9 2
9 3
9 11
9 13
9 15
10 8
10 12
10 2
10 3
10 4
11 9
11 3
11 4
11 5
11 13
12 8
12 10
12 4
12 5
12 6
13 5
13 6
13 7
13 9
13 11
13 15
14 0
14 1
14 2
14 8
14 16
15 0
15 1
15 9
15 13
15 7
16 0
16 8
16 14
16 6
16 7
>>>>>>>>>>>>Input k: 4
>>>>>>>>>>>>Input optimal value: 39
>>>>>>>>>>>>Input solution: 
0 0 1 0 0 0 0 1 1 0 0 0 0 0 1 0 0 0 0 1 0 1 0 0 0 0 0 1 0 1 0 0 0 0 1 0 0 1 0 0 0 1 0 0 1 0 0 0 1 0 0 0 0 0 1 0 0 1 0 0 1 0 0 0 1 0 0 0 
>>>>>>>>>>>>finish input
>>>>>>>>>>>>Chromatic sum is: 39
>>>>>>>>>>>>Input graph: 
0 1
0 6
0 7
1 0
1 2
1 7
2 8
2 1
2 3
3 9
3 2
3 4
4 9
4 3
4 5
5 10
5 4
5 6
6 0
6 10
6 5
7 0
7 1
7 11
8 9
8 2
8 11
9 8
9 3
9 4
10 11
10 5
10 6
11 8
11 10
11 7
>>>>>>>>>>>>Input k: 3
>>>>>>>>>>>>Input optimal value: 22
>>>>>>>>>>>>Input solution: 
1 0 0 0 1 0 1 0 0 0 1 0 0 0 1 1 0 0 0 1 0 0 0 1 0 1 0 1 0 0 0 0 1 1 0 0 
>>>>>>>>>>>>finish input
>>>>>>>>>>>>Chromatic sum is: 22
>>>>>>>>>>>>Input graph: 
0 1
0 3
0 4
1 0
1 2
1 3
1 4
1 5
1 6
1 7
1 10
2 1
2 3
2 7
3 0
3 1
3 2
3 4
3 7
3 8
3 9
3 10
4 0
4 1
4 3
4 5
4 9
4 10
5 1
5 10
5 4
6 1
6 10
6 7
7 1
7 2
7 3
7 6
7 8
7 10
8 10
8 3
8 7
9 10
9 3
9 4
10 1
10 3
10 4
10 5
10 6
10 7
10 8
10 9
>>>>>>>>>>>>Input k: 4
>>>>>>>>>>>>Input optimal value: 26
>>>>>>>>>>>>Input solution: 
0 0 1 0 0 1 0 0 0 0 1 0 1 0 0 0 0 0 0 1 1 0 0 0 1 0 0 0 0 0 0 1 0 1 0 0 0 1 0 0 0 0 1 0 
>>>>>>>>>>>>finish input
>>>>>>>>>>>>Chromatic sum is: 26
>>>>>>>>>>>>Input graph: 
0 1
0 3
1 0
1 2
1 4
2 1
2 5
3 0
3 4
4 1
4 3
4 5
5 2
5 4
>>>>>>>>>>>>Input k: 2
>>>>>>>>>>>>Input optimal value: 9
>>>>>>>>>>>>Input solution: 
1 0 0 1 1 0 0 1 1 0 0 1 
>>>>>>>>>>>>finish input
>>>>>>>>>>>>Chromatic sum is: 9
>>>>>>>>>>>>Input graph: 
0 1
0 3
1 0
1 2
1 4
2 1
2 5
3 0
3 4
3 6
4 1
4 3
4 5
4 7
5 8
5 2
5 4
6 3
6 7
7 8
7 4
7 6
8 5
8 7
>>>>>>>>>>>>Input k: 2
>>>>>>>>>>>>Input optimal value: 13
>>>>>>>>>>>>Input solution: 
1 0 0 1 1 0 0 1 1 0 0 1 1 0 0 1 1 0 
>>>>>>>>>>>>finish input
>>>>>>>>>>>>Chromatic sum is: 13
>>>>>>>>>>>>Input graph: 
0 1
0 4
1 0
1 2
1 5
2 1
2 3
2 6
3 2
3 7
4 0
4 8
4 5
5 1
5 4
5 6
5 9
6 2
6 10
6 5
6 7
7 11
7 3
7 6
8 9
8 4
9 8
9 10
9 5
10 9
10 11
10 6
11 10
11 7
>>>>>>>>>>>>Input k: 2
>>>>>>>>>>>>Input optimal value: 18
>>>>>>>>>>>>Input solution: 
1 0 0 1 1 0 0 1 0 1 1 0 0 1 1 0 1 0 0 1 1 0 0 1 
>>>>>>>>>>>>finish input
>>>>>>>>>>>>Chromatic sum is: 18
>>>>>>>>>>>>Input graph: 
0 1
0 4
1 0
1 2
1 5
2 1
2 3
2 6
3 2
3 7
4 0
4 8
4 5
5 1
5 4
5 6
5 9
6 2
6 10
6 5
6 7
7 11
7 3
7 6
8 12
8 4
8 9
9 8
9 10
9 5
9 13
10 9
10 11
10 14
10 6
11 10
11 15
11 7
12 8
12 13
13 9
13 12
13 14
14 10
14 13
14 15
15 11
15 14
>>>>>>>>>>>>Input k: 2
>>>>>>>>>>>>Input optimal value: 24
>>>>>>>>>>>>Input solution: 
0 1 1 0 0 1 1 0 1 0 0 1 1 0 0 1 0 1 1 0 0 1 1 0 1 0 0 1 1 0 0 1 
>>>>>>>>>>>>finish input
>>>>>>>>>>>>Chromatic sum is: 24
>>>>>>>>>>>>Input graph: 
0 5
0 1
1 2
1 6
1 0
2 3
2 7
2 1
3 8
3 2
3 4
4 3
4 9
5 10
5 6
5 0
6 11
6 7
6 5
6 1
7 8
7 2
7 12
7 6
8 3
8 7
8 9
8 13
9 8
9 14
9 4
10 15
10 11
10 5
11 10
11 12
11 6
11 16
12 11
12 7
12 17
12 13
13 8
13 14
13 18
13 12
14 19
14 9
14 13
15 10
15 16
16 15
16 11
16 17
17 18
17 12
17 16
18 19
18 17
18 13
19 14
19 18
>>>>>>>>>>>>Input k: 2
>>>>>>>>>>>>Input optimal value: 30
>>>>>>>>>>>>Input solution: 
1 0 0 1 1 0 0 1 1 0 0 1 1 0 0 1 1 0 0 1 1 0 0 1 1 0 0 1 1 0 0 1 1 0 0 1 1 0 0 1 
>>>>>>>>>>>>finish input
>>>>>>>>>>>>Chromatic sum is: 30
>>>>>>>>>>>>Input graph: 
0 1
0 2
0 3
0 4
0 5
1 0
1 10
1 7
2 0
2 8
2 6
3 0
3 9
3 7
4 0
4 8
4 10
5 0
5 9
5 6
6 2
6 10
6 5
6 7
7 8
7 1
7 3
7 6
8 9
8 2
8 4
8 7
9 8
9 10
9 3
9 5
10 1
10 4
10 6
10 9
>>>>>>>>>>>>Input k: 4
>>>>>>>>>>>>Input optimal value: 21
>>>>>>>>>>>>Input solution: 
0 1 0 0 1 0 0 0 1 0 0 0 1 0 0 0 1 0 0 0 1 0 0 0 0 0 1 0 0 0 0 1 0 1 0 0 0 0 1 0 0 1 0 0 
>>>>>>>>>>>>finish input
>>>>>>>>>>>>Chromatic sum is: 21
>>>>>>>>>>>>Input graph: 
0 1
0 5
0 13
1 0
1 2
1 10
2 1
2 3
2 7
3 12
3 2
3 4
4 9
4 3
4 5
5 0
5 4
5 6
6 11
6 5
6 7
7 8
7 2
7 6
8 9
8 13
8 7
9 8
9 10
9 4
10 1
10 11
10 9
11 10
11 12
11 6
12 11
12 3
12 13
13 0
13 8
13 12
>>>>>>>>>>>>Input k: 2
>>>>>>>>>>>>Input optimal value: 21
>>>>>>>>>>>>Input solution: 
1 0 0 1 1 0 0 1 1 0 0 1 1 0 0 1 1 0 0 1 1 0 0 1 1 0 0 1 
>>>>>>>>>>>>finish input
>>>>>>>>>>>>Chromatic sum is: 21
>>>>>>>>>>>>Input graph: 
0 1
0 3
0 4
1 0
1 2
1 5
1 6
2 1
2 3
2 7
3 0
3 8
3 2
3 9
4 0
4 9
4 5
5 1
5 10
5 4
6 1
6 10
6 7
7 8
7 2
7 6
8 10
8 3
8 7
9 10
9 3
9 4
10 8
10 9
10 5
10 6
>>>>>>>>>>>>Input k: 2
>>>>>>>>>>>>Input optimal value: 16
>>>>>>>>>>>>Input solution: 
1 0 0 1 1 0 0 1 0 1 1 0 1 0 0 1 1 0 1 0 0 1 
>>>>>>>>>>>>finish input
>>>>>>>>>>>>Chromatic sum is: 16
>>>>>>>>>>>>Input graph: 
0 1
0 3
0 4
1 0
1 2
1 5
2 1
2 3
2 6
3 0
3 2
3 7
4 0
4 5
4 7
5 1
5 4
5 6
6 2
6 5
6 7
7 3
7 4
7 6
>>>>>>>>>>>>Input k: 2
>>>>>>>>>>>>Input optimal value: 12
>>>>>>>>>>>>Input solution: 
0 1 1 0 0 1 1 0 1 0 0 1 1 0 0 1 
>>>>>>>>>>>>finish input
>>>>>>>>>>>>Chromatic sum is: 12
>>>>>>>>>>>>Input graph: 
0 8
0 1
0 13
0 7
1 0
1 9
1 2
1 14
2 8
2 1
2 10
2 3
3 9
3 2
3 4
3 15
4 11
4 10
4 3
4 5
5 12
5 4
5 14
5 6
6 11
6 13
6 5
6 7
7 0
7 12
7 6
7 15
8 0
8 2
8 12
8 14
9 11
9 1
9 3
9 13
10 12
10 2
10 4
10 15
11 9
11 4
11 14
11 6
12 8
12 10
12 5
12 7
13 0
13 9
13 6
13 15
14 8
14 1
14 11
14 5
15 10
15 3
15 13
15 7
>>>>>>>>>>>>Input k: 2
>>>>>>>>>>>>Input optimal value: 24
>>>>>>>>>>>>Input solution: 
0 1 1 0 0 1 1 0 0 1 1 0 0 1 1 0 1 0 0 1 1 0 1 0 0 1 1 0 0 1 0 1 
>>>>>>>>>>>>finish input
>>>>>>>>>>>>Chromatic sum is: 24
>>>>>>>>>>>>Input graph: 
0 1
0 2
1 0
1 3
2 0
2 3
2 4
3 1
3 2
3 4
4 2
4 3
>>>>>>>>>>>>Input k: 3
>>>>>>>>>>>>Input optimal value: 9
>>>>>>>>>>>>Input solution: 
0 1 0 1 0 0 1 0 0 0 1 0 0 0 1 
>>>>>>>>>>>>finish input
>>>>>>>>>>>>Chromatic sum is: 9
>>>>>>>>>>>>Input graph: 
0 8
0 1
0 11
0 5
0 7
1 0
1 8
1 2
1 5
1 6
2 8
2 1
2 3
2 6
2 9
3 9
3 2
3 4
3 10
3 6
4 11
4 10
4 3
4 5
4 6
5 0
5 1
5 11
5 4
5 6
6 1
6 2
6 3
6 4
6 5
7 0
7 8
7 10
7 11
7 9
8 0
8 1
8 2
8 9
8 7
9 8
9 2
9 3
9 10
9 7
10 11
10 9
10 3
10 4
10 7
11 0
11 10
11 4
11 5
11 7
>>>>>>>>>>>>Input k: 4
>>>>>>>>>>>>Input optimal value: 30
>>>>>>>>>>>>Input solution: 
0 0 1 0 0 0 0 1 1 0 0 0 0 1 0 0 1 0 0 0 0 1 0 0 0 0 1 0 1 0 0 0 0 1 0 0 0 0 0 1 0 0 1 0 0 0 0 1 
>>>>>>>>>>>>finish input
>>>>>>>>>>>>Chromatic sum is: 30
>>>>>>>>>>>>Input graph: 
0 1
0 2
0 3
0 4
0 5
0 6
0 7
0 8
0 9
1 0
1 2
1 3
1 4
1 5
1 6
1 7
1 8
1 9
2 0
2 1
2 3
2 4
2 5
2 6
2 7
2 8
2 9
3 0
3 1
3 2
3 4
3 5
3 6
3 7
3 8
3 9
4 0
4 1
4 2
4 3
4 5
4 6
4 7
4 8
4 9
5 0
5 1
5 2
5 3
5 4
5 6
5 7
5 8
5 9
6 0
6 1
6 2
6 3
6 4
6 5
6 7
6 8
6 9
7 0
7 1
7 2
7 3
7 4
7 5
7 6
7 8
7 9
8 0
8 1
8 2
8 3
8 4
8 5
8 6
8 7
8 9
9 0
9 1
9 2
9 3
9 4
9 5
9 6
9 7
9 8
>>>>>>>>>>>>Input k: 10
>>>>>>>>>>>>Input optimal value: 55
>>>>>>>>>>>>Input solution: 
1 0 0 0 0 0 0 0 0 0 0 1 0 0 0 0 0 0 0 0 0 0 1 0 0 0 0 0 0 0 0 0 0 1 0 0 0 0 0 0 0 0 0 0 1 0 0 0 0 0 0 0 0 0 0 1 0 0 0 0 0 0 0 0 0 0 1 0 0 0 0 0 0 0 0 0 0 1 0 0 0 0 0 0 0 0 0 0 1 0 0 0 0 0 0 0 0 0 0 1 
>>>>>>>>>>>>finish input
>>>>>>>>>>>>Chromatic sum is: 55
>>>>>>>>>>>>Input graph: 
0 2
0 3
0 4
1 2
1 3
1 4
2 0
2 1
3 0
3 1
4 0
4 1
>>>>>>>>>>>>Input k: 2
>>>>>>>>>>>>Input optimal value: 7
>>>>>>>>>>>>Input solution: 
0 1 0 1 1 0 1 0 1 0 
>>>>>>>>>>>>finish input
>>>>>>>>>>>>Chromatic sum is: 7
>>>>>>>>>>>>Input graph: 
0 1
1 0
>>>>>>>>>>>>Input k: 2
>>>>>>>>>>>>Input optimal value: 3
>>>>>>>>>>>>Input solution: 
1 0 0 1 
>>>>>>>>>>>>finish input
>>>>>>>>>>>>Chromatic sum is: 3
>>>>>>>>>>>>Input graph: 
0 1
1 0
1 2
2 1
>>>>>>>>>>>>Input k: 2
>>>>>>>>>>>>Input optimal value: 4
>>>>>>>>>>>>Input solution: 
1 0 0 1 1 0 
>>>>>>>>>>>>finish input
>>>>>>>>>>>>Chromatic sum is: 4
>>>>>>>>>>>>Input graph: 
0 3
0 4
0 5
1 3
1 4
1 5
2 3
2 4
2 5
3 0
3 1
3 2
4 0
4 1
4 2
5 0
5 1
5 2
>>>>>>>>>>>>Input k: 2
>>>>>>>>>>>>Input optimal value: 9
>>>>>>>>>>>>Input solution: 
1 0 1 0 1 0 0 1 0 1 0 1 
>>>>>>>>>>>>finish input
>>>>>>>>>>>>Chromatic sum is: 9
>>>>>>>>>>>>Input graph: 
0 3
0 4
0 5
0 6
1 3
1 4
1 5
1 6
2 3
2 4
2 5
2 6
3 0
3 1
3 2
4 0
4 1
4 2
5 0
5 1
5 2
6 0
6 1
6 2
>>>>>>>>>>>>Input k: 2
>>>>>>>>>>>>Input optimal value: 10
>>>>>>>>>>>>Input solution: 
0 1 0 1 0 1 1 0 1 0 1 0 1 0 
>>>>>>>>>>>>finish input
>>>>>>>>>>>>Chromatic sum is: 10
>>>>>>>>>>>>Input graph: 
0 1
0 2
1 0
1 2
2 0
2 1
>>>>>>>>>>>>Input k: 3
>>>>>>>>>>>>Input optimal value: 6
>>>>>>>>>>>>Input solution: 
1 0 0 0 1 0 0 0 1 
>>>>>>>>>>>>finish input
>>>>>>>>>>>>Chromatic sum is: 6
>>>>>>>>>>>>Input graph: 
0 4
0 5
0 6
0 7
1 4
1 5
1 6
1 7
2 4
2 5
2 6
2 7
3 4
3 5
3 6
3 7
4 0
4 1
4 2
4 3
5 0
5 1
5 2
5 3
6 0
6 1
6 2
6 3
7 0
7 1
7 2
7 3
>>>>>>>>>>>>Input k: 2
>>>>>>>>>>>>Input optimal value: 12
>>>>>>>>>>>>Input solution: 
1 0 1 0 1 0 1 0 0 1 0 1 0 1 0 1 
>>>>>>>>>>>>finish input
>>>>>>>>>>>>Chromatic sum is: 12
>>>>>>>>>>>>Input graph: 
0 8
0 4
0 5
0 6
0 7
1 8
1 4
1 5
1 6
1 7
2 8
2 4
2 5
2 6
2 7
3 8
3 4
3 5
3 6
3 7
4 0
4 1
4 2
4 3
5 0
5 1
5 2
5 3
6 0
6 1
6 2
6 3
7 0
7 1
7 2
7 3
8 0
8 1
8 2
8 3
>>>>>>>>>>>>Input k: 2
>>>>>>>>>>>>Input optimal value: 13
>>>>>>>>>>>>Input solution: 
0 1 0 1 0 1 0 1 1 0 1 0 1 0 1 0 1 0 
>>>>>>>>>>>>finish input
>>>>>>>>>>>>Chromatic sum is: 13
>>>>>>>>>>>>Input graph: 
0 1
0 2
0 3
1 0
1 2
1 3
2 0
2 1
2 3
3 0
3 1
3 2
>>>>>>>>>>>>Input k: 4
>>>>>>>>>>>>Input optimal value: 10
>>>>>>>>>>>>Input solution: 
1 0 0 0 0 1 0 0 0 0 1 0 0 0 0 1 
>>>>>>>>>>>>finish input
>>>>>>>>>>>>Chromatic sum is: 10
>>>>>>>>>>>>Input graph: 
0 1
0 2
0 3
0 4
1 0
1 2
1 3
1 4
2 0
2 1
2 3
2 4
3 0
3 1
3 2
3 4
4 0
4 1
4 2
4 3
>>>>>>>>>>>>Input k: 5
>>>>>>>>>>>>Input optimal value: 15
>>>>>>>>>>>>Input solution: 
1 0 0 0 0 0 1 0 0 0 0 0 1 0 0 0 0 0 1 0 0 0 0 0 1 
>>>>>>>>>>>>finish input
>>>>>>>>>>>>Chromatic sum is: 15
>>>>>>>>>>>>Input graph: 
0 5
0 6
0 7
0 8
0 9
1 5
1 6
1 7
1 8
1 9
2 5
2 6
2 7
2 8
2 9
3 5
3 6
3 7
3 8
3 9
4 5
4 6
4 7
4 8
4 9
5 0
5 1
5 2
5 3
5 4
6 0
6 1
6 2
6 3
6 4
7 0
7 1
7 2
7 3
7 4
8 0
8 1
8 2
8 3
8 4
9 0
9 1
9 2
9 3
9 4
>>>>>>>>>>>>Input k: 2
>>>>>>>>>>>>Input optimal value: 15
>>>>>>>>>>>>Input solution: 
1 0 1 0 1 0 1 0 1 0 0 1 0 1 0 1 0 1 0 1 
>>>>>>>>>>>>finish input
>>>>>>>>>>>>Chromatic sum is: 15
>>>>>>>>>>>>Input graph: 
0 5
0 6
0 7
0 8
0 9
0 10
1 5
1 6
1 7
1 8
1 9
1 10
2 5
2 6
2 7
2 8
2 9
2 10
3 5
3 6
3 7
3 8
3 9
3 10
4 5
4 6
4 7
4 8
4 9
4 10
5 0
5 1
5 2
5 3
5 4
6 0
6 1
6 2
6 3
6 4
7 0
7 1
7 2
7 3
7 4
8 0
8 1
8 2
8 3
8 4
9 0
9 1
9 2
9 3
9 4
10 0
10 1
10 2
10 3
10 4
>>>>>>>>>>>>Input k: 2
>>>>>>>>>>>>Input optimal value: 16
>>>>>>>>>>>>Input solution: 
0 1 0 1 0 1 0 1 0 1 1 0 1 0 1 0 1 0 1 0 1 0 
>>>>>>>>>>>>finish input
>>>>>>>>>>>>Chromatic sum is: 16
>>>>>>>>>>>>Input graph: 
0 1
0 2
0 3
0 4
0 5
1 0
1 2
1 3
1 4
1 5
2 0
2 1
2 3
2 4
2 5
3 0
3 1
3 2
3 4
3 5
4 0
4 1
4 2
4 3
4 5
5 0
5 1
5 2
5 3
5 4
>>>>>>>>>>>>Input k: 6
>>>>>>>>>>>>Input optimal value: 21
>>>>>>>>>>>>Input solution: 
1 0 0 0 0 0 0 1 0 0 0 0 0 0 1 0 0 0 0 0 0 1 0 0 0 0 0 0 1 0 0 0 0 0 0 1 
>>>>>>>>>>>>finish input
>>>>>>>>>>>>Chromatic sum is: 21
>>>>>>>>>>>>Input graph: 
0 6
0 7
0 8
0 9
0 10
0 11
1 6
1 7
1 8
1 9
1 10
1 11
2 6
2 7
2 8
2 9
2 10
2 11
3 6
3 7
3 8
3 9
3 10
3 11
4 6
4 7
4 8
4 9
4 10
4 11
5 6
5 7
5 8
5 9
5 10
5 11
6 0
6 1
6 2
6 3
6 4
6 5
7 0
7 1
7 2
7 3
7 4
7 5
8 0
8 1
8 2
8 3
8 4
8 5
9 0
9 1
9 2
9 3
9 4
9 5
10 0
10 1
10 2
10 3
10 4
10 5
11 0
11 1
11 2
11 3
11 4
11 5
>>>>>>>>>>>>Input k: 2
>>>>>>>>>>>>Input optimal value: 18
>>>>>>>>>>>>Input solution: 
1 0 1 0 1 0 1 0 1 0 1 0 0 1 0 1 0 1 0 1 0 1 0 1 
>>>>>>>>>>>>finish input
>>>>>>>>>>>>Chromatic sum is: 18
>>>>>>>>>>>>Input graph: 
0 1
0 2
0 3
0 4
0 5
0 6
1 0
1 2
1 3
1 4
1 5
1 6
2 0
2 1
2 3
2 4
2 5
2 6
3 0
3 1
3 2
3 4
3 5
3 6
4 0
4 1
4 2
4 3
4 5
4 6
5 0
5 1
5 2
5 3
5 4
5 6
6 0
6 1
6 2
6 3
6 4
6 5
>>>>>>>>>>>>Input k: 7
>>>>>>>>>>>>Input optimal value: 28
>>>>>>>>>>>>Input solution: 
1 0 0 0 0 0 0 0 1 0 0 0 0 0 0 0 1 0 0 0 0 0 0 0 1 0 0 0 0 0 0 0 1 0 0 0 0 0 0 0 1 0 0 0 0 0 0 0 1 
>>>>>>>>>>>>finish input
>>>>>>>>>>>>Chromatic sum is: 28
>>>>>>>>>>>>Input graph: 
0 1
0 2
0 3
0 4
0 5
0 6
0 7
1 0
1 2
1 3
1 4
1 5
1 6
1 7
2 0
2 1
2 3
2 4
2 5
2 6
2 7
3 0
3 1
3 2
3 4
3 5
3 6
3 7
4 0
4 1
4 2
4 3
4 5
4 6
4 7
5 0
5 1
5 2
5 3
5 4
5 6
5 7
6 0
6 1
6 2
6 3
6 4
6 5
6 7
7 0
7 1
7 2
7 3
7 4
7 5
7 6
>>>>>>>>>>>>Input k: 8
>>>>>>>>>>>>Input optimal value: 36
>>>>>>>>>>>>Input solution: 
1 0 0 0 0 0 0 0 0 1 0 0 0 0 0 0 0 0 1 0 0 0 0 0 0 0 0 1 0 0 0 0 0 0 0 0 1 0 0 0 0 0 0 0 0 1 0 0 0 0 0 0 0 0 1 0 0 0 0 0 0 0 0 1 
>>>>>>>>>>>>finish input
>>>>>>>>>>>>Chromatic sum is: 36
>>>>>>>>>>>>Input graph: 
0 1
0 2
0 3
0 4
0 5
0 6
0 7
0 8
1 0
1 2
1 3
1 4
1 5
1 6
1 7
1 8
2 0
2 1
2 3
2 4
2 5
2 6
2 7
2 8
3 0
3 1
3 2
3 4
3 5
3 6
3 7
3 8
4 0
4 1
4 2
4 3
4 5
4 6
4 7
4 8
5 0
5 1
5 2
5 3
5 4
5 6
5 7
5 8
6 0
6 1
6 2
6 3
6 4
6 5
6 7
6 8
7 0
7 1
7 2
7 3
7 4
7 5
7 6
7 8
8 0
8 1
8 2
8 3
8 4
8 5
8 6
8 7
>>>>>>>>>>>>Input k: 9
>>>>>>>>>>>>Input optimal value: 45
>>>>>>>>>>>>Input solution: 
1 0 0 0 0 0 0 0 0 0 1 0 0 0 0 0 0 0 0 0 1 0 0 0 0 0 0 0 0 0 1 0 0 0 0 0 0 0 0 0 1 0 0 0 0 0 0 0 0 0 1 0 0 0 0 0 0 0 0 0 1 0 0 0 0 0 0 0 0 0 1 0 0 0 0 0 0 0 0 0 1 
>>>>>>>>>>>>finish input
>>>>>>>>>>>>Chromatic sum is: 45
>>>>>>>>>>>>Input graph: 
0 1
0 2
0 3
0 5
1 0
1 3
1 4
1 6
2 0
2 3
2 5
3 0
3 1
3 2
3 4
3 5
3 6
4 1
4 3
4 6
5 0
5 2
5 3
5 6
5 7
6 1
6 3
6 4
6 5
6 7
7 8
7 5
7 6
8 9
8 7
9 8
>>>>>>>>>>>>Input k: 4
>>>>>>>>>>>>Input optimal value: 20
>>>>>>>>>>>>Input solution: 
0 1 0 0 1 0 0 0 1 0 0 0 0 0 0 1 0 0 1 0 0 0 1 0 0 1 0 0 1 0 0 0 0 1 0 0 1 0 0 0 
>>>>>>>>>>>>finish input
>>>>>>>>>>>>Chromatic sum is: 20
>>>>>>>>>>>>Input graph: 
0 1
0 2
0 3
0 4
1 0
1 2
1 3
1 5
2 0
2 1
2 4
2 5
3 0
3 1
3 4
3 5
4 0
4 2
4 3
4 5
5 1
5 2
5 3
5 4
>>>>>>>>>>>>Input k: 3
>>>>>>>>>>>>Input optimal value: 12
>>>>>>>>>>>>Input solution: 
0 0 1 0 1 0 1 0 0 1 0 0 0 1 0 0 0 1 
>>>>>>>>>>>>finish input
>>>>>>>>>>>>Chromatic sum is: 12
>>>>>>>>>>>>Input graph: 
0 1
0 5
0 6
1 0
1 2
1 7
2 8
2 1
2 3
3 9
3 2
3 4
4 10
4 3
4 5
5 0
5 11
5 4
6 0
6 17
6 13
7 1
7 12
7 14
8 2
8 13
8 15
9 16
9 3
9 14
10 17
10 4
10 15
11 16
11 12
11 5
12 15
12 11
12 7
13 8
13 16
13 6
14 9
14 17
14 7
15 8
15 10
15 12
16 9
16 11
16 13
17 10
17 14
17 6
>>>>>>>>>>>>Input k: 2
>>>>>>>>>>>>Input optimal value: 27
>>>>>>>>>>>>Input solution: 
0 1 1 0 0 1 1 0 0 1 1 0 1 0 0 1 1 0 0 1 1 0 0 1 1 0 0 1 1 0 0 1 1 0 0 1 
>>>>>>>>>>>>finish input
>>>>>>>>>>>>Chromatic sum is: 27
>>>>>>>>>>>>Input graph: 
0 1
0 4
0 5
1 0
1 2
1 6
2 1
2 3
2 7
3 8
3 2
3 4
4 0
4 9
4 3
5 0
5 8
5 7
6 8
6 1
6 9
7 9
7 2
7 5
8 3
8 5
8 6
9 4
9 6
9 7
>>>>>>>>>>>>Input k: 3
>>>>>>>>>>>>Input optimal value: 19
>>>>>>>>>>>>Input solution: 
0 0 1 1 0 0 0 0 1 1 0 0 0 1 0 1 0 0 0 1 0 0 1 0 0 0 1 1 0 0 
>>>>>>>>>>>>finish input
>>>>>>>>>>>>Chromatic sum is: 19
>>>>>>>>>>>>Input graph: 
0 1
0 2
0 4
0 5
0 6
1 0
1 2
1 6
1 7
2 0
2 1
2 3
2 4
2 7
2 8
3 2
3 4
3 5
3 8
3 9
3 13
4 0
4 2
4 3
4 5
5 0
5 3
5 4
5 6
5 9
5 10
6 0
6 1
6 5
6 7
6 10
6 11
7 1
7 2
7 6
7 8
7 11
7 12
8 2
8 3
8 12
8 13
8 7
9 10
9 3
9 5
9 14
9 13
10 9
10 14
10 11
10 5
10 6
11 10
11 12
11 14
11 6
11 7
12 8
12 11
12 13
12 14
12 7
13 8
13 9
13 3
13 12
13 14
14 9
14 10
14 11
14 12
14 13
>>>>>>>>>>>>Input k: 4
>>>>>>>>>>>>Input optimal value: 34
>>>>>>>>>>>>Input solution: 
0 1 0 0 1 0 0 0 0 0 1 0 0 1 0 0 1 0 0 0 0 0 0 1 0 0 1 0 0 0 0 1 1 0 0 0 1 0 0 0 0 1 0 0 1 0 0 0 0 1 0 0 0 0 0 1 0 0 1 0 
>>>>>>>>>>>>finish input
>>>>>>>>>>>>Chromatic sum is: 34
>>>>>>>>>>>>Input graph: 
0 2
0 1
0 4
1 3
1 0
1 5
2 3
2 0
2 6
3 2
3 1
3 7
4 0
4 6
4 5
5 1
5 7
5 4
6 2
6 7
6 4
7 3
7 6
7 5
>>>>>>>>>>>>Input k: 2
>>>>>>>>>>>>Input optimal value: 12
>>>>>>>>>>>>Input solution: 
1 0 0 1 0 1 1 0 0 1 1 0 1 0 0 1 
>>>>>>>>>>>>finish input
>>>>>>>>>>>>Chromatic sum is: 12
>>>>>>>>>>>>Input graph: 
0 1
0 2
0 4
0 8
1 0
1 3
1 5
1 9
2 6
2 0
2 3
2 10
3 7
3 1
3 2
3 11
4 6
4 0
4 5
4 12
5 7
5 1
5 4
5 13
6 7
6 2
6 4
6 14
7 6
7 3
7 5
7 15
8 0
8 12
8 10
8 9
9 1
9 13
9 11
9 8
10 2
10 14
10 11
10 8
11 3
11 15
11 10
11 9
12 4
12 14
12 13
12 8
13 5
13 15
13 12
13 9
14 6
14 15
14 12
14 10
15 7
15 14
15 13
15 11
>>>>>>>>>>>>Input k: 2
>>>>>>>>>>>>Input optimal value: 24
>>>>>>>>>>>>Input solution: 
0 1 1 0 1 0 0 1 1 0 0 1 0 1 1 0 1 0 0 1 0 1 1 0 0 1 1 0 1 0 0 1 
>>>>>>>>>>>>finish input
>>>>>>>>>>>>Chromatic sum is: 24
>>>>>>>>>>>>Input graph: 
0 8
0 1
0 18
0 12
1 0
1 16
1 2
1 5
2 1
2 3
2 13
2 9
3 2
3 4
3 18
3 7
4 3
4 12
4 5
4 15
5 1
5 10
5 4
5 6
6 17
6 13
6 5
6 7
7 8
7 11
7 3
7 6
8 0
8 9
8 15
8 7
9 8
9 17
9 2
9 10
10 9
10 11
10 5
10 14
11 16
11 10
11 12
11 7
12 0
12 11
12 4
12 13
13 2
13 12
13 14
13 6
14 10
14 18
14 13
14 15
15 8
15 16
15 4
15 14
16 1
16 11
16 17
16 15
17 16
17 9
17 18
17 6
18 0
18 17
18 3
18 14
>>>>>>>>>>>>Input k: 3
>>>>>>>>>>>>Input optimal value: 36
>>>>>>>>>>>>Input solution: 
0 1 0 0 0 1 1 0 0 0 1 0 1 0 0 0 1 0 1 0 0 0 0 1 1 0 0 0 1 0 1 0 0 0 1 0 0 0 1 0 1 0 0 0 1 0 1 0 1 0 0 0 0 1 1 0 0 
>>>>>>>>>>>>finish input
>>>>>>>>>>>>Chromatic sum is: 36
>>>>>>>>>>>>Input graph: 
0 1
0 2
0 3
0 4
0 5
0 6
0 7
0 8
0 9
0 10
1 0
2 0
3 0
4 0
5 0
6 0
7 0
8 0
9 0
10 0
>>>>>>>>>>>>Input k: 2
>>>>>>>>>>>>Input optimal value: 12
>>>>>>>>>>>>Input solution: 
0 1 1 0 1 0 1 0 1 0 1 0 1 0 1 0 1 0 1 0 1 0 
>>>>>>>>>>>>finish input
>>>>>>>>>>>>Chromatic sum is: 12
>>>>>>>>>>>>Input graph: 
0 1
0 2
1 0
2 0
>>>>>>>>>>>>Input k: 2
>>>>>>>>>>>>Input optimal value: 4
>>>>>>>>>>>>Input solution: 
0 1 1 0 1 0 
>>>>>>>>>>>>finish input
>>>>>>>>>>>>Chromatic sum is: 4
>>>>>>>>>>>>Input graph: 
0 1
0 2
0 3
1 0
2 0
3 0
>>>>>>>>>>>>Input k: 2
>>>>>>>>>>>>Input optimal value: 5
>>>>>>>>>>>>Input solution: 
0 1 1 0 1 0 1 0 
>>>>>>>>>>>>finish input
>>>>>>>>>>>>Chromatic sum is: 5
>>>>>>>>>>>>Input graph: 
0 1
0 2
0 3
0 4
1 0
2 0
3 0
4 0
>>>>>>>>>>>>Input k: 2
>>>>>>>>>>>>Input optimal value: 6
>>>>>>>>>>>>Input solution: 
0 1 1 0 1 0 1 0 1 0 
>>>>>>>>>>>>finish input
>>>>>>>>>>>>Chromatic sum is: 6
>>>>>>>>>>>>Input graph: 
0 1
0 2
0 3
0 4
0 5
1 0
2 0
3 0
4 0
5 0
>>>>>>>>>>>>Input k: 2
>>>>>>>>>>>>Input optimal value: 7
>>>>>>>>>>>>Input solution: 
0 1 1 0 1 0 1 0 1 0 1 0 
>>>>>>>>>>>>finish input
>>>>>>>>>>>>Chromatic sum is: 7
>>>>>>>>>>>>Input graph: 
0 1
0 2
0 3
0 4
0 5
0 6
1 0
2 0
3 0
4 0
5 0
6 0
>>>>>>>>>>>>Input k: 2
>>>>>>>>>>>>Input optimal value: 8
>>>>>>>>>>>>Input solution: 
0 1 1 0 1 0 1 0 1 0 1 0 1 0 
>>>>>>>>>>>>finish input
>>>>>>>>>>>>Chromatic sum is: 8
>>>>>>>>>>>>Input graph: 
0 1
0 2
0 3
0 4
0 5
0 6
0 7
1 0
2 0
3 0
4 0
5 0
6 0
7 0
>>>>>>>>>>>>Input k: 2
>>>>>>>>>>>>Input optimal value: 9
>>>>>>>>>>>>Input solution: 
0 1 1 0 1 0 1 0 1 0 1 0 1 0 1 0 
>>>>>>>>>>>>finish input
>>>>>>>>>>>>Chromatic sum is: 9
>>>>>>>>>>>>Input graph: 
0 1
0 2
0 3
0 4
0 5
0 6
0 7
0 8
1 0
2 0
3 0
4 0
5 0
6 0
7 0
8 0
>>>>>>>>>>>>Input k: 2
>>>>>>>>>>>>Input optimal value: 10
>>>>>>>>>>>>Input solution: 
0 1 1 0 1 0 1 0 1 0 1 0 1 0 1 0 1 0 
>>>>>>>>>>>>finish input
>>>>>>>>>>>>Chromatic sum is: 10
>>>>>>>>>>>>Input graph: 
0 1
0 2
0 3
0 4
0 5
0 6
0 7
0 8
0 9
1 0
2 0
3 0
4 0
5 0
6 0
7 0
8 0
9 0
>>>>>>>>>>>>Input k: 2
>>>>>>>>>>>>Input optimal value: 11
>>>>>>>>>>>>Input solution: 
0 1 1 0 1 0 1 0 1 0 1 0 1 0 1 0 1 0 1 0 
>>>>>>>>>>>>finish input
>>>>>>>>>>>>Chromatic sum is: 11
>>>>>>>>>>>>Input graph: 
0 1
0 2
0 6
0 7
0 9
0 15
1 0
1 2
1 3
1 7
1 8
1 10
2 0
2 1
2 3
2 4
2 9
2 11
3 1
3 2
3 4
3 5
3 10
3 12
4 2
4 3
4 5
4 6
4 11
4 13
5 3
5 4
5 6
5 7
5 12
5 14
6 0
6 4
6 5
6 7
6 13
6 15
7 0
7 1
7 5
7 6
7 8
7 14
8 1
8 7
8 10
8 11
8 13
8 14
9 0
9 2
9 11
9 12
9 14
9 15
10 1
10 3
10 8
10 12
10 13
10 15
11 2
11 4
11 8
11 9
11 13
11 14
12 3
12 5
12 9
12 10
12 14
12 15
13 4
13 6
13 8
13 10
13 11
13 15
14 5
14 7
14 8
14 9
14 11
14 12
15 0
15 6
15 9
15 10
15 12
15 13
>>>>>>>>>>>>Input k: 4
>>>>>>>>>>>>Input optimal value: 40
>>>>>>>>>>>>Input solution: 
1 0 0 0 0 1 0 0 0 0 1 0 1 0 0 0 0 0 0 1 0 0 1 0 0 1 0 0 0 0 0 1 0 0 1 0 0 0 0 1 0 0 0 1 0 1 0 0 0 1 0 0 1 0 0 0 1 0 0 0 0 0 1 0 
>>>>>>>>>>>>finish input
>>>>>>>>>>>>Chromatic sum is: 40
>>>>>>>>>>>>Input graph: 
0 1
0 11
0 5
0 14
1 0
1 2
1 15
2 1
2 3
2 6
3 8
3 2
3 4
3 14
4 3
4 5
4 15
5 0
5 9
5 4
5 6
6 2
6 5
6 7
7 8
7 6
7 15
8 9
8 3
8 12
8 7
9 8
9 10
9 5
10 9
10 11
10 15
11 0
11 10
11 12
12 8
12 11
12 13
13 12
13 14
13 15
14 0
14 3
14 13
15 1
15 10
15 4
15 13
15 7
>>>>>>>>>>>>Input k: 3
>>>>>>>>>>>>Input optimal value: 30
>>>>>>>>>>>>Input solution: 
1 0 0 0 1 0 1 0 0 0 1 0 1 0 0 0 0 1 0 1 0 1 0 0 0 0 1 0 1 0 1 0 0 0 1 0 1 0 0 0 1 0 0 0 1 0 0 1 
>>>>>>>>>>>>finish input
>>>>>>>>>>>>Chromatic sum is: 30
>>>>>>>>>>>>Input graph: 
0 8
0 1
0 9
1 0
1 2
1 5
2 1
2 3
2 7
3 2
3 4
3 10
4 8
4 3
4 5
5 1
5 4
5 6
6 11
6 5
6 7
7 8
7 2
7 6
8 0
8 4
8 7
9 0
9 10
9 11
10 11
10 9
10 3
11 9
11 10
11 6
>>>>>>>>>>>>Input k: 3
>>>>>>>>>>>>Input optimal value: 22
>>>>>>>>>>>>Input solution: 
1 0 0 0 1 0 1 0 0 0 1 0 1 0 0 0 0 1 1 0 0 0 0 1 0 1 0 0 0 1 1 0 0 0 1 0 
>>>>>>>>>>>>finish input
>>>>>>>>>>>>Chromatic sum is: 22
>>>>>>>>>>>>Input graph: 
0 1
0 4
0 7
1 0
1 2
1 5
2 1
2 3
2 6
3 2
3 4
3 7
4 0
4 3
4 5
5 1
5 4
5 6
6 2
6 5
6 7
7 0
7 3
7 6
>>>>>>>>>>>>Input k: 3
>>>>>>>>>>>>Input optimal value: 15
>>>>>>>>>>>>Input solution: 
0 1 0 1 0 0 0 0 1 0 1 0 1 0 0 0 0 1 0 1 0 1 0 0 
>>>>>>>>>>>>finish input
>>>>>>>>>>>>Chromatic sum is: 15
