[1]
./graphs1/BidiakisCube
Solution status = Optimal
Solution value  = 21
Values = [1, 0, 0, 0, 0, 0, 0, 0, 0, 0,
0, 1, 0, 0, 0, 0, 0, 0, 0, 0,
1, 0, 0, 0, 0, 0, 0, 0, 0, 0,
0, 1, 0, 0, 0, 0, 0, 0, 0, 0,
1, 0, 0, 0, 0, 0, 0, 0, 0, 0,
0, 0, 1, 0, 0, 0, 0, 0, 0, 0,
0, 1, 0, 0, 0, 0, 0, 0, 0, 0,
1, 0, 0, 0, 0, 0, 0, 0, 0, 0,
0, 1, 0, 0, 0, 0, 0, 0, 0, 0,
1, 0, 0, 0, 0, 0, 0, 0, 0, 0,
0, 1, 0, 0, 0, 0, 0, 0, 0, 0,
0, 0, 1, 0, 0, 0, 0, 0, 0, 0]



[2]
./graphs1/Bull
Solution status = Optimal
Solution value  = 8
Values = [1, 0, 0, 0, 0, 0, 1, 0, 0, 0,
0, 0, 1, 0, 0, 1, 0, 0, 0, 0,
1, 0, 0, 0, 0]



[3]
./graphs1/Butterfly
Solution status = Optimal
Solution value  = 9
Values = [1, 0, 0, 1, 0, 0, 0, 1, 0, 0,
1, 0, 0, 0, 1]



[4]
./graphs1/C10
Solution status = Optimal
Solution value  = 15
Values = [1, 0, 0, 0, 0, 0, 0, 1, 0, 0,
0, 0, 1, 0, 0, 0, 0, 0, 0, 1,
0, 0, 0, 0, 1, 0, 0, 0, 0, 0,
0, 1, 0, 0, 0, 0, 1, 0, 0, 0,
0, 0, 0, 1, 0, 0, 0, 0, 1, 0,
0, 0, 0, 0, 0, 1, 0, 0, 0, 0]



[5]
./graphs1/C11
Solution status = Optimal
Solution value  = 18
Values = [1, 0, 0, 0, 0, 0, 0, 0, 0, 0,
0, 0, 1, 0, 0, 0, 0, 0, 0, 0,
0, 0, 1, 0, 0, 0, 0, 0, 0, 0,
0, 0, 0, 0, 1, 0, 0, 0, 0, 0,
0, 0, 0, 0, 1, 0, 0, 0, 0, 0,
0, 0, 0, 0, 0, 0, 1, 0, 0, 0,
0, 0, 0, 0, 0, 0, 1, 0, 0, 0,
0, 0, 0, 0, 0, 0, 0, 0, 1, 0,
0, 0, 0, 0, 0, 0, 0, 0, 1, 0,
0, 0, 0, 0, 0, 0, 0, 0, 0, 0,
1, 0, 0, 0, 0, 0, 0, 0, 0, 0,
0, 0, 1, 0, 0, 0, 0, 0, 0, 0,
0]



[6]
./graphs1/C12
Solution status = Optimal
Solution value  = 18
Values = [1, 0, 0, 0, 0, 0, 0, 0, 0, 0,
0, 0, 0, 1, 0, 0, 0, 0, 0, 0,
0, 0, 0, 0, 1, 0, 0, 0, 0, 0,
0, 0, 0, 0, 0, 0, 0, 1, 0, 0,
0, 0, 0, 0, 0, 0, 0, 0, 1, 0,
0, 0, 0, 0, 0, 0, 0, 0, 0, 0,
0, 1, 0, 0, 0, 0, 0, 0, 0, 0,
0, 0, 1, 0, 0, 0, 0, 0, 0, 0,
0, 0, 0, 0, 0, 1, 0, 0, 0, 0,
0, 0, 0, 0, 0, 0, 1, 0, 0, 0,
0, 0, 0, 0, 0, 0, 0, 0, 0, 1,
0, 0, 0, 0, 0, 0, 0, 0, 0, 0,
1, 0, 0, 0, 0, 0, 0, 0, 0, 0,
0, 0, 0, 1, 0, 0, 0, 0, 0, 0,
0, 0, 0, 0]



[7]
./graphs1/C4
Solution status = Optimal
Solution value  = 6
Values = [1, 0, 0, 0, 0, 1, 0, 0, 1, 0,
0, 0, 0, 1, 0, 0]



[8]
./graphs1/C5
Solution status = Optimal
Solution value  = 9
Values = [1, 0, 0, 0, 0, 0, 1, 0, 0, 0,
1, 0, 0, 0, 0, 0, 1, 0, 0, 0,
0, 0, 1, 0, 0]



[9]
./graphs1/C6
Solution status = Optimal
Solution value  = 9
Values = [1, 0, 0, 0, 0, 0, 0, 1, 0, 0,
0, 0, 1, 0, 0, 0, 0, 0, 0, 1,
0, 0, 0, 0, 1, 0, 0, 0, 0, 0,
0, 1, 0, 0, 0, 0]



[10]
./graphs1/C7
Solution status = Optimal
Solution value  = 12
Values = [1, 0, 0, 0, 0, 0, 0, 0, 1, 0,
0, 0, 0, 0, 1, 0, 0, 0, 0, 0,
0, 0, 1, 0, 0, 0, 0, 0, 1, 0,
0, 0, 0, 0, 0, 0, 1, 0, 0, 0,
0, 0, 0, 0, 1, 0, 0, 0, 0]



[11]
./graphs1/C8
Solution status = Optimal
Solution value  = 12
Values = [1, 0, 0, 0, 0, 0, 0, 0, 0, 1,
0, 0, 0, 0, 0, 0, 1, 0, 0, 0,
0, 0, 0, 0, 0, 1, 0, 0, 0, 0,
0, 0, 1, 0, 0, 0, 0, 0, 0, 0,
0, 1, 0, 0, 0, 0, 0, 0, 1, 0,
0, 0, 0, 0, 0, 0, 0, 1, 0, 0,
0, 0, 0, 0]



[12]
./graphs1/C9
Solution status = Optimal
Solution value  = 15
Values = [1, 0, 0, 0, 0, 0, 0, 0, 0, 0,
1, 0, 0, 0, 0, 0, 0, 0, 1, 0,
0, 0, 0, 0, 0, 0, 0, 0, 1, 0,
0, 0, 0, 0, 0, 0, 1, 0, 0, 0,
0, 0, 0, 0, 0, 0, 1, 0, 0, 0,
0, 0, 0, 0, 1, 0, 0, 0, 0, 0,
0, 0, 0, 0, 1, 0, 0, 0, 0, 0,
0, 0, 0, 0, 1, 0, 0, 0, 0, 0,
0]



[13]
./graphs1/Chvatal
Solution status = Optimal
Solution value  = 25
Values = [0, 1, -0, -0, -0, -0, -0, -0, -0, -0,
-0, -0, 1, 0, -0, -0, -0, -0, -0, -0,
-0, -0, -0, -0, 0, 1, -0, -0, -0, -0,
-0, -0, -0, -0, -0, -0, 1, 0, -0, -0,
-0, -0, -0, -0, -0, -0, -0, -0, -0, 0,
1, -0, -0, -0, -0, -0, -0, -0, -0, -0,
-0, 1, -0, -0, -0, -0, -0, -0, -0, -0,
-0, -0, 1, 0, -0, -0, -0, -0, -0, -0,
-0, -0, -0, -0, 0, 1, -0, -0, -0, -0,
-0, -0, -0, -0, -0, -0, 1, 0, -0, -0,
-0, -0, -0, -0, -0, -0, -0, -0, -0, 0,
-0, 1, -0, -0, -0, -0, -0, -0, -0, -0,
-0, 0, 1, -0, -0, -0, -0, -0, -0, -0,
-0, -0, -0, 0, 1, -0, -0, -0, -0, -0,
-0, -0, -0, -0]



[14]
./graphs1/Clebsch
Solution status = Optimal
Solution value  = 36
Values = [1, -0, 0, -0, -0, -0, -0, -0, -0, -0,
-0, -0, -0, -0, -0, -0, -0, -0, 0, 1,
-0, -0, -0, -0, -0, -0, -0, -0, -0, -0,
-0, -0, 0, 1, 0, -0, -0, -0, -0, -0,
-0, -0, -0, -0, -0, -0, -0, -0, 0, 0,
1, -0, -0, -0, -0, -0, -0, -0, -0, -0,
-0, -0, -0, -0, -0, 1, 0, -0, -0, -0,
-0, -0, -0, -0, -0, -0, -0, -0, -0, -0,
1, 0, 0, -0, -0, -0, -0, -0, -0, -0,
-0, -0, -0, -0, -0, -0, 0, 1, 0, -0,
-0, -0, -0, -0, -0, -0, -0, -0, -0, -0,
-0, -0, 0, 0, 1, -0, -0, -0, -0, -0,
-0, -0, -0, -0, -0, -0, -0, -0, -0, 0,
1, -0, -0, -0, -0, -0, -0, -0, -0, -0,
-0, -0, -0, -0, -0, 1, -0, -0, -0, -0,
-0, -0, -0, -0, -0, -0, -0, -0, -0, -0,
0, 0, -0, 1, -0, -0, -0, -0, -0, -0,
-0, -0, -0, -0, -0, -0, 1, 0, -0, -0,
-0, -0, -0, -0, -0, -0, -0, -0, -0, -0,
-0, -0, 1, 0, -0, -0, -0, -0, -0, -0,
-0, -0, -0, -0, -0, -0, -0, -0, 0, 1,
-0, -0, -0, -0, -0, -0, -0, -0, -0, -0,
-0, -0, -0, -0, -0, 0, -0, 1, -0, -0,
-0, -0, -0, -0, -0, -0, -0, -0, -0, -0,
1, 0, -0, -0, -0, -0, -0, -0, -0, -0,
-0, -0, -0, -0, -0, -0]



[15]
./graphs1/Diamond
Solution status = Optimal
Solution value  = 7
Values = [1, 0, 0, 0, 0, 1, 0, 0, 0, 0,
1, 0, 1, 0, 0, 0]



[16]
./graphs1/Dinneen
Solution status = Optimal
Solution value  = 18
Values = [0, 1, 0, 0, 0, 0, 0, 0, 0, 0,
0, 1, 0, 0, 0, 0, 0, 0, 1, 0,
0, 0, 0, 0, 0, 0, 0, 0, 1, 0,
0, 0, 0, 0, 0, 0, 0, 0, 1, 0,
0, 0, 0, 0, 0, 1, 0, 0, 0, 0,
0, 0, 0, 0, 1, 0, 0, 0, 0, 0,
0, 0, 0, 0, 0, 1, 0, 0, 0, 0,
0, 0, 0, 1, 0, 0, 0, 0, 0, 0,
0]



[17]
./graphs1/Dodecahedral
Solution status = Optimal
Solution value  = 38
Values = [1, 0, -0, -0, -0, -0, -0, -0, -0, -0,
-0, -0, -0, -0, -0, -0, -0, -0, -0, -0,
-0, 1, -0, -0, -0, -0, -0, -0, -0, -0,
-0, -0, -0, -0, -0, -0, -0, -0, -0, -0,
1, -0, 0, -0, -0, -0, -0, -0, -0, -0,
-0, -0, -0, -0, -0, -0, -0, -0, -0, -0,
-0, 1, -0, -0, -0, -0, -0, -0, -0, -0,
-0, -0, -0, -0, -0, -0, -0, -0, -0, -0,
1, 0, -0, -0, -0, -0, -0, -0, -0, -0,
-0, -0, -0, -0, -0, -0, -0, -0, -0, -0,
0, 1, -0, -0, -0, -0, -0, -0, -0, -0,
-0, -0, -0, -0, -0, -0, -0, -0, -0, -0,
0, 0, 1, -0, -0, -0, -0, -0, -0, -0,
-0, -0, -0, -0, -0, -0, -0, -0, -0, -0,
1, 0, -0, -0, -0, -0, -0, -0, -0, -0,
-0, -0, -0, -0, -0, -0, -0, -0, -0, -0,
0, 0, 1, -0, -0, -0, -0, -0, -0, -0,
-0, -0, -0, -0, -0, -0, -0, -0, -0, -0,
1, 0, -0, -0, -0, -0, -0, -0, -0, -0,
-0, -0, -0, -0, -0, -0, -0, -0, -0, -0,
-0, 0, 1, -0, -0, -0, -0, -0, -0, -0,
-0, -0, -0, -0, -0, -0, -0, -0, -0, -0,
-0, 1, -0, -0, -0, -0, -0, -0, -0, -0,
-0, -0, -0, -0, -0, -0, -0, -0, -0, -0,
1, 0, 0, -0, -0, -0, -0, -0, -0, -0,
-0, -0, -0, -0, -0, -0, -0, -0, -0, -0,
0, 1, 0, -0, -0, -0, -0, -0, -0, -0,
-0, -0, -0, -0, -0, -0, -0, -0, -0, -0,
0, -0, 1, -0, -0, -0, -0, -0, -0, -0,
-0, -0, -0, -0, -0, -0, -0, -0, -0, -0,
1, -0, -0, -0, -0, -0, -0, -0, -0, -0,
-0, -0, -0, -0, -0, -0, -0, -0, -0, -0,
0, -0, 1, -0, -0, -0, -0, -0, -0, -0,
-0, -0, -0, -0, -0, -0, -0, -0, -0, -0,
-0, 1, -0, -0, -0, -0, -0, -0, -0, -0,
-0, -0, -0, -0, -0, -0, -0, -0, -0, -0,
1, 0, -0, -0, -0, -0, -0, -0, -0, -0,
-0, -0, -0, -0, -0, -0, -0, -0, -0, -0,
-0, 0, 1, -0, -0, -0, -0, -0, -0, -0,
-0, -0, -0, -0, -0, -0, -0, -0, -0, -0]



[18]
./graphs1/Durer
Solution status = Optimal
Solution value  = 24
Values = [-0, 1, -0, -0, -0, -0, -0, -0, -0, -0,
-0, -0, -0, 0, 1, -0, -0, -0, -0, -0,
-0, -0, -0, -0, 1, 0, -0, -0, -0, -0,
-0, -0, -0, -0, -0, -0, 0, 1, -0, -0,
-0, -0, -0, -0, -0, -0, -0, -0, -0, 0,
1, -0, -0, -0, -0, -0, -0, -0, -0, -0,
1, 0, -0, -0, -0, -0, -0, -0, -0, -0,
-0, -0, 0, -0, 1, -0, -0, -0, -0, -0,
-0, -0, -0, -0, 0, 1, 0, -0, -0, -0,
-0, -0, -0, -0, -0, -0, 0, 1, -0, -0,
-0, -0, -0, -0, -0, -0, -0, -0, 1, 0,
-0, -0, -0, -0, -0, -0, -0, -0, -0, -0,
1, -0, 0, -0, -0, -0, -0, -0, -0, -0,
-0, -0, 0, -0, 1, -0, -0, -0, -0, -0,
-0, -0, -0, -0]



[19]
./graphs1/Errera
Solution status = Optimal
Solution value  = 39
Values = [0, 0, 0, 1, 0, 0, 0, 0, 0, 0,
0, 0, 0, 0, 0, 0, 0, 0, 0, 1,
0, 0, 0, 0, 0, 0, 0, 0, 0, 0,
0, 0, 0, 0, 1, 0, 0, 0, 0, 0,
0, 0, 0, 0, 0, 0, 0, 0, 0, 0,
0, 0, 0, 0, 1, 0, 0, 0, 0, 0,
0, 0, 0, 0, 0, 0, 0, 0, 0, 0,
1, 0, 0, 0, 0, 0, 0, 0, 0, 0,
0, 0, 0, 0, 0, 0, 1, 0, 0, 0,
0, 0, 0, 0, 0, 0, 0, 0, 0, 0,
0, 0, 0, 0, 0, 1, 0, 0, 0, 0,
0, 0, 0, 0, 0, 0, 0, 0, 0, 0,
1, 0, 0, 0, 0, 0, 0, 0, 0, 0,
0, 0, 0, 0, 0, 0, 0, 0, 1, 0,
0, 0, 0, 0, 0, 0, 0, 0, 0, 0,
0, 0, 0, 0, 1, 0, 0, 0, 0, 0,
0, 0, 0, 0, 0, 0, 0, 0, 0, 0,
0, 1, 0, 0, 0, 0, 0, 0, 0, 0,
0, 0, 0, 0, 0, 0, 0, 1, 0, 0,
0, 0, 0, 0, 0, 0, 0, 0, 0, 0,
0, 0, 0, 0, 1, 0, 0, 0, 0, 0,
0, 0, 0, 0, 0, 0, 0, 0, 0, 0,
0, 0, 0, 1, 0, 0, 0, 0, 0, 0,
0, 0, 0, 0, 0, 0, 0, 0, 0, 1,
0, 0, 0, 0, 0, 0, 0, 0, 0, 0,
0, 0, 0, 0, 0, 1, 0, 0, 0, 0,
0, 0, 0, 0, 0, 0, 0, 0, 0, 0,
0, 0, 1, 0, 0, 0, 0, 0, 0, 0,
0, 0, 0, 0, 0, 0, 0, 0, 0]



[20]
./graphs1/Frucht
Solution status = Optimal
Solution value  = 22
Values = [1, 0, -0, -0, -0, -0, -0, -0, -0, -0,
-0, -0, 0, 1, -0, -0, -0, -0, -0, -0,
-0, -0, -0, -0, 1, 0, -0, -0, -0, -0,
-0, -0, -0, -0, -0, -0, -0, 0, 1, -0,
-0, -0, -0, -0, -0, -0, -0, -0, 0, 1,
-0, -0, -0, -0, -0, -0, -0, -0, -0, -0,
1, 0, 0, -0, -0, -0, -0, -0, -0, -0,
-0, -0, 0, 1, -0, -0, -0, -0, -0, -0,
-0, -0, -0, -0, 0, 0, 1, -0, -0, -0,
-0, -0, -0, -0, -0, -0, 0, 1, -0, -0,
-0, -0, -0, -0, -0, -0, -0, -0, 1, -0,
0, -0, -0, -0, -0, -0, -0, -0, -0, -0,
0, -0, 1, -0, -0, -0, -0, -0, -0, -0,
-0, -0, 1, 0, -0, -0, -0, -0, -0, -0,
-0, -0, -0, -0]



[21]
./graphs1/GoldnerHarary
Solution status = Optimal
Solution value  = 22
Values = [1, 0, -0, -0, -0, -0, -0, -0, -0, -0,
-0, -0, 0, 1, 0, -0, -0, -0, -0, -0,
-0, -0, 1, 0, -0, -0, -0, -0, -0, -0,
-0, -0, -0, 0, -0, 0, 1, -0, -0, -0,
-0, -0, -0, -0, 0, 1, -0, -0, 0, -0,
-0, -0, -0, -0, -0, 1, 0, -0, -0, -0,
-0, -0, -0, -0, -0, -0, 1, 0, -0, -0,
-0, -0, -0, -0, -0, -0, -0, -0, 1, -0,
0, -0, -0, -0, -0, -0, -0, -0, 1, 0,
-0, -0, -0, -0, -0, -0, -0, -0, -0, 1,
0, -0, -0, -0, -0, -0, -0, -0, -0, -0,
0, 0, -0, 0, 1, -0, -0, -0, -0, -0,
-0]



[22]
./graphs1/Grid2x3
Solution status = Optimal
Solution value  = 9
Values = [1, 0, 0, 0, 0, 0, 0, 1, 0, 0,
0, 0, 1, 0, 0, 0, 0, 0, 0, 1,
0, 0, 0, 0, 1, 0, 0, 0, 0, 0,
0, 1, 0, 0, 0, 0]



[23]
./graphs1/Grid3x3
Solution status = Optimal
Solution value  = 13
Values = [1, 0, 0, 0, 0, 0, 0, 0, 0, 0,
1, 0, 0, 0, 0, 0, 0, 0, 1, 0,
0, 0, 0, 0, 0, 0, 0, 0, 1, 0,
0, 0, 0, 0, 0, 0, 1, 0, 0, 0,
0, 0, 0, 0, 0, 0, 1, 0, 0, 0,
0, 0, 0, 0, 1, 0, 0, 0, 0, 0,
0, 0, 0, 0, 1, 0, 0, 0, 0, 0,
0, 0, 1, 0, 0, 0, 0, 0, 0, 0,
0]



[24]
./graphs1/Grid3x4
Solution status = Optimal
Solution value  = 18
Values = [1, 0, 0, 0, 0, 0, 0, 0, 0, 0,
0, 0, 0, 1, 0, 0, 0, 0, 0, 0,
0, 0, 0, 0, 1, 0, 0, 0, 0, 0,
0, 0, 0, 0, 0, 0, 0, 1, 0, 0,
0, 0, 0, 0, 0, 0, 0, 0, 0, 1,
0, 0, 0, 0, 0, 0, 0, 0, 0, 0,
1, 0, 0, 0, 0, 0, 0, 0, 0, 0,
0, 0, 0, 1, 0, 0, 0, 0, 0, 0,
0, 0, 0, 0, 1, 0, 0, 0, 0, 0,
0, 0, 0, 0, 0, 0, 1, 0, 0, 0,
0, 0, 0, 0, 0, 0, 0, 0, 0, 1,
0, 0, 0, 0, 0, 0, 0, 0, 0, 0,
1, 0, 0, 0, 0, 0, 0, 0, 0, 0,
0, 0, 0, 1, 0, 0, 0, 0, 0, 0,
0, 0, 0, 0]



[25]
./graphs1/Grid4x4
Solution status = Optimal
Solution value  = 24
Values = [1, 0, 0, 0, 0, 0, 0, 0, 0, 0,
0, 0, 0, 0, 0, 0, 0, 1, 0, 0,
0, 0, 0, 0, 0, 0, 0, 0, 0, 0,
0, 0, 1, 0, 0, 0, 0, 0, 0, 0,
0, 0, 0, 0, 0, 0, 0, 0, 0, 1,
0, 0, 0, 0, 0, 0, 0, 0, 0, 0,
0, 0, 0, 0, 0, 1, 0, 0, 0, 0,
0, 0, 0, 0, 0, 0, 0, 0, 0, 0,
1, 0, 0, 0, 0, 0, 0, 0, 0, 0,
0, 0, 0, 0, 0, 0, 0, 1, 0, 0,
0, 0, 0, 0, 0, 0, 0, 0, 0, 0,
0, 0, 1, 0, 0, 0, 0, 0, 0, 0,
0, 0, 0, 0, 0, 0, 0, 0, 1, 0,
0, 0, 0, 0, 0, 0, 0, 0, 0, 0,
0, 0, 0, 0, 0, 1, 0, 0, 0, 0,
0, 0, 0, 0, 0, 0, 0, 0, 0, 0,
1, 0, 0, 0, 0, 0, 0, 0, 0, 0,
0, 0, 0, 0, 0, 0, 0, 1, 0, 0,
0, 0, 0, 0, 0, 0, 0, 0, 0, 0,
0, 0, 0, 1, 0, 0, 0, 0, 0, 0,
0, 0, 0, 0, 0, 0, 0, 0, 1, 0,
0, 0, 0, 0, 0, 0, 0, 0, 0, 0,
0, 0, 0, 0, 0, 1, 0, 0, 0, 0,
0, 0, 0, 0, 0, 0, 0, 0, 0, 0,
1, 0, 0, 0, 0, 0, 0, 0, 0, 0,
0, 0, 0, 0, 0, 0]



[26]
./graphs1/Grid4x5
Solution status = Optimal
Solution value  = 30
Values = [1, 0, 0, 0, 0, 0, 0, 0, 0, 0,
0, 0, 0, 0, 0, 0, 0, 0, 0, 0,
0, 1, 0, 0, 0, 0, 0, 0, 0, 0,
0, 0, 0, 0, 0, 0, 0, 0, 0, 0,
1, 0, 0, 0, 0, 0, 0, 0, 0, 0,
0, 0, 0, 0, 0, 0, 0, 0, 0, 0,
0, 1, 0, 0, 0, 0, 0, 0, 0, 0,
0, 0, 0, 0, 0, 0, 0, 0, 0, 0,
1, 0, 0, 0, 0, 0, 0, 0, 0, 0,
0, 0, 0, 0, 0, 0, 0, 0, 0, 0,
0, 1, 0, 0, 0, 0, 0, 0, 0, 0,
0, 0, 0, 0, 0, 0, 0, 0, 0, 0,
1, 0, 0, 0, 0, 0, 0, 0, 0, 0,
0, 0, 0, 0, 0, 0, 0, 0, 0, 0,
0, 1, 0, 0, 0, 0, 0, 0, 0, 0,
0, 0, 0, 0, 0, 0, 0, 0, 0, 0,
1, 0, 0, 0, 0, 0, 0, 0, 0, 0,
0, 0, 0, 0, 0, 0, 0, 0, 0, 0,
0, 1, 0, 0, 0, 0, 0, 0, 0, 0,
0, 0, 0, 0, 0, 0, 0, 0, 0, 0,
1, 0, 0, 0, 0, 0, 0, 0, 0, 0,
0, 0, 0, 0, 0, 0, 0, 0, 0, 0,
0, 1, 0, 0, 0, 0, 0, 0, 0, 0,
0, 0, 0, 0, 0, 0, 0, 0, 0, 0,
1, 0, 0, 0, 0, 0, 0, 0, 0, 0,
0, 0, 0, 0, 0, 0, 0, 0, 0, 0,
0, 1, 0, 0, 0, 0, 0, 0, 0, 0,
0, 0, 0, 0, 0, 0, 0, 0, 0, 0,
1, 0, 0, 0, 0, 0, 0, 0, 0, 0,
0, 0, 0, 0, 0, 0, 0, 0, 0, 0,
0, 1, 0, 0, 0, 0, 0, 0, 0, 0,
0, 0, 0, 0, 0, 0, 0, 0, 0, 0,
1, 0, 0, 0, 0, 0, 0, 0, 0, 0,
0, 0, 0, 0, 0, 0, 0, 0, 0, 0,
0, 1, 0, 0, 0, 0, 0, 0, 0, 0,
0, 0, 0, 0, 0, 0, 0, 0, 0, 0,
1, 0, 0, 0, 0, 0, 0, 0, 0, 0,
0, 0, 0, 0, 0, 0, 0, 0, 0, 0,
0, 1, 0, 0, 0, 0, 0, 0, 0, 0,
0, 0, 0, 0, 0, 0, 0, 0, 0, 0]



[27]
./graphs1/Grotzsch
Solution status = Optimal
Solution value  = 21
Values = [0, 1, 0, 0, 0, 0, 0, 0, 0, 0,
0, 1, 0, 0, 0, 0, 0, 0, 0, 0,
0, 0, 1, 0, 0, 0, 0, 0, 0, 0,
0, 0, 0, 1, 0, 0, 0, 0, 0, 0,
0, 0, 0, 0, 1, 0, 0, 0, 0, 0,
0, 0, 0, 0, 0, 1, 0, 0, 0, 0,
0, 0, 0, 0, 0, 0, 0, 1, 0, 0,
0, 0, 0, 0, 0, 0, 0, 0, 0, 1,
0, 0, 0, 0, 0, 0, 0, 0, 0, 1,
0, 0, 0, 0, 0, 0, 0, 0, 0, 0,
0, 1, 0, 0, 0, 0, 0, 0, 0, 0,
0, 0, 0, 1, 0, 0, 0, 0, 0, 0,
0]



[28]
./graphs1/Heawood
Solution status = Optimal
Solution value  = 21
Values = [1, 0, 0, 0, 0, 0, 0, 0, 0, 0,
0, 0, 0, 0, 0, 1, 0, 0, 0, 0,
0, 0, 0, 0, 0, 0, 0, 0, 1, 0,
0, 0, 0, 0, 0, 0, 0, 0, 0, 0,
0, 0, 0, 1, 0, 0, 0, 0, 0, 0,
0, 0, 0, 0, 0, 0, 1, 0, 0, 0,
0, 0, 0, 0, 0, 0, 0, 0, 0, 0,
0, 1, 0, 0, 0, 0, 0, 0, 0, 0,
0, 0, 0, 0, 1, 0, 0, 0, 0, 0,
0, 0, 0, 0, 0, 0, 0, 0, 0, 1,
0, 0, 0, 0, 0, 0, 0, 0, 0, 0,
0, 0, 1, 0, 0, 0, 0, 0, 0, 0,
0, 0, 0, 0, 0, 0, 0, 1, 0, 0,
0, 0, 0, 0, 0, 0, 0, 0, 0, 0,
1, 0, 0, 0, 0, 0, 0, 0, 0, 0,
0, 0, 0, 0, 0, 1, 0, 0, 0, 0,
0, 0, 0, 0, 0, 0, 0, 0, 1, 0,
0, 0, 0, 0, 0, 0, 0, 0, 0, 0,
0, 0, 0, 1, 0, 0, 0, 0, 0, 0,
0, 0, 0, 0, 0, 0]



[29]
./graphs1/Herschel
Solution status = Optimal
Solution value  = 16
Values = [1, 0, 0, 0, 0, 0, 0, 0, 0, 0,
0, 0, 1, 0, 0, 0, 0, 0, 0, 0,
0, 0, 1, 0, 0, 0, 0, 0, 0, 0,
0, 0, 0, 0, 1, 0, 0, 0, 0, 0,
0, 0, 0, 0, 0, 1, 0, 0, 0, 0,
0, 0, 0, 0, 0, 1, 0, 0, 0, 0,
0, 0, 0, 0, 0, 0, 1, 0, 0, 0,
0, 0, 0, 0, 0, 0, 0, 0, 1, 0,
0, 0, 0, 0, 0, 0, 0, 0, 1, 0,
0, 0, 0, 0, 0, 0, 0, 0, 0, 1,
0, 0, 0, 0, 0, 0, 0, 0, 0, 0,
0, 1, 0, 0, 0, 0, 0, 0, 0, 0,
0]



[30]
./graphs1/Hexahedral
Solution status = Optimal
Solution value  = 12
Values = [1, 0, 0, 0, 0, 0, 0, 0, 0, 1,
0, 0, 0, 0, 0, 0, 1, 0, 0, 0,
0, 0, 0, 0, 0, 1, 0, 0, 0, 0,
0, 0, 0, 1, 0, 0, 0, 0, 0, 0,
1, 0, 0, 0, 0, 0, 0, 0, 0, 1,
0, 0, 0, 0, 0, 0, 1, 0, 0, 0,
0, 0, 0, 0]



[31]
./graphs1/Hoffman
Solution status = Optimal
Solution value  = 24
Values = [1, 0, 0, 0, 0, 0, 0, 0, 0, 0,
0, 0, 0, 0, 0, 0, 0, 1, 0, 0,
0, 0, 0, 0, 0, 0, 0, 0, 0, 0,
0, 0, 1, 0, 0, 0, 0, 0, 0, 0,
0, 0, 0, 0, 0, 0, 0, 0, 0, 1,
0, 0, 0, 0, 0, 0, 0, 0, 0, 0,
0, 0, 0, 0, 1, 0, 0, 0, 0, 0,
0, 0, 0, 0, 0, 0, 0, 0, 0, 0,
0, 1, 0, 0, 0, 0, 0, 0, 0, 0,
0, 0, 0, 0, 0, 0, 1, 0, 0, 0,
0, 0, 0, 0, 0, 0, 0, 0, 0, 0,
0, 0, 0, 1, 0, 0, 0, 0, 0, 0,
0, 0, 0, 0, 0, 0, 0, 0, 0, 1,
0, 0, 0, 0, 0, 0, 0, 0, 0, 0,
0, 0, 0, 0, 1, 0, 0, 0, 0, 0,
0, 0, 0, 0, 0, 0, 0, 0, 0, 0,
0, 1, 0, 0, 0, 0, 0, 0, 0, 0,
0, 0, 0, 0, 0, 0, 0, 1, 0, 0,
0, 0, 0, 0, 0, 0, 0, 0, 0, 0,
0, 0, 1, 0, 0, 0, 0, 0, 0, 0,
0, 0, 0, 0, 0, 0, 0, 0, 0, 1,
0, 0, 0, 0, 0, 0, 0, 0, 0, 0,
0, 0, 0, 0, 1, 0, 0, 0, 0, 0,
0, 0, 0, 0, 0, 0, 0, 0, 0, 0,
1, 0, 0, 0, 0, 0, 0, 0, 0, 0,
0, 0, 0, 0, 0, 0]



[32]
./graphs1/House
Solution status = Optimal
Solution value  = 9
Values = [1, 0, 0, 0, 0, 0, 1, 0, 0, 0,
0, 1, 0, 0, 0, 1, 0, 0, 0, 0,
0, 0, 1, 0, 0]



[33]
./graphs1/Icosahedral
Solution status = Optimal
Solution value  = 30
Values = [1, 0, 0, 0, 0, 0, 0, 0, 0, 0,
0, 0, 0, 1, 0, 0, 0, 0, 0, 0,
0, 0, 0, 0, 1, 0, 0, 0, 0, 0,
0, 0, 0, 0, 0, 0, 0, 1, 0, 0,
0, 0, 0, 0, 0, 0, 0, 0, 1, 0,
0, 0, 0, 0, 0, 0, 0, 0, 0, 0,
0, 0, 1, 0, 0, 0, 0, 0, 0, 0,
0, 0, 0, 0, 0, 1, 0, 0, 0, 0,
0, 0, 0, 0, 0, 1, 0, 0, 0, 0,
0, 0, 0, 0, 0, 0, 0, 0, 1, 0,
0, 0, 0, 0, 0, 0, 0, 0, 0, 0,
0, 1, 0, 0, 0, 0, 0, 0, 0, 0,
0, 0, 1, 0, 0, 0, 0, 0, 0, 0,
0, 0, 0, 0, 0, 1, 0, 0, 0, 0,
0, 0, 0, 0]



[34]
./graphs1/K10
Solution status = Optimal
Solution value  = 55
Values = [1, 0, 0, 0, 0, 0, 0, 0, 0, 0,
0, 1, 0, 0, 0, 0, 0, 0, 0, 0,
0, 0, 1, 0, 0, 0, 0, 0, 0, 0,
0, 0, 0, 1, 0, 0, 0, 0, 0, 0,
0, 0, 0, 0, 1, 0, 0, 0, 0, 0,
0, 0, 0, 0, 0, 1, 0, 0, 0, 0,
0, 0, 0, 0, 0, 0, 1, 0, 0, 0,
0, 0, 0, 0, 0, 0, 0, 1, 0, 0,
0, 0, 0, 0, 0, 0, 0, 0, 1, 0,
0, 0, 0, 0, 0, 0, 0, 0, 0, 1]



[35]
./graphs1/K2,3
Solution status = Optimal
Solution value  = 7
Values = [-0, 1, -0, -0, -0, -0, 1, -0, -0, -0,
1, 0, -0, -0, -0, 1, 0, -0, -0, -0,
1, 0, -0, -0, -0]



[36]
./graphs1/K2
Solution status = Optimal
Solution value  = 3
Values = [1, 0, 0, 1]



[37]
./graphs1/K2x1
Solution status = Optimal
Solution value  = 4
Values = [1, 0, 0, 0, 1, 0, 1, 0, 0]



[38]
./graphs1/K3,3
Solution status = Optimal
Solution value  = 9
Values = [1, 0, 0, 0, 0, 0, 1, 0, 0, 0,
0, 0, 1, 0, 0, 0, 0, 0, 0, 1,
0, 0, 0, 0, 0, 1, 0, 0, 0, 0,
0, 1, 0, 0, 0, 0]



[39]
./graphs1/K3,4
Solution status = Optimal
Solution value  = 10
Values = [-0, 1, -0, -0, -0, -0, -0, -0, 1, -0,
-0, -0, -0, -0, 0, 1, -0, -0, -0, -0,
-0, 1, 0, -0, -0, -0, -0, -0, 1, 0,
-0, -0, -0, -0, -0, 1, 0, -0, -0, -0,
-0, -0, 1, 0, -0, -0, -0, -0, -0]



[40]
./graphs1/K3
Solution status = Optimal
Solution value  = 6
Values = [1, 0, 0, 0, 1, 0, 0, 0, 1]



[41]
./graphs1/K4,4
Solution status = Optimal
Solution value  = 12
Values = [1, 0, 0, 0, 0, 0, 0, 0, 1, 0,
0, 0, 0, 0, 0, 0, 1, 0, 0, 0,
0, 0, 0, 0, 1, 0, 0, 0, 0, 0,
0, 0, 0, 1, 0, 0, 0, 0, 0, 0,
0, 1, 0, 0, 0, 0, 0, 0, 0, 1,
0, 0, 0, 0, 0, 0, 0, 1, 0, 0,
0, 0, 0, 0]



[42]
./graphs1/K4,5
Solution status = Optimal
Solution value  = 13
Values = [-0, 1, -0, -0, -0, -0, -0, -0, -0, -0,
1, -0, -0, -0, -0, -0, -0, -0, -0, 1,
-0, -0, -0, -0, -0, -0, -0, 0, 1, -0,
-0, -0, -0, -0, -0, -0, 1, 0, -0, -0,
-0, -0, -0, -0, -0, 1, 0, -0, -0, -0,
-0, -0, -0, -0, 1, 0, -0, -0, -0, -0,
-0, -0, -0, 1, 0, -0, -0, -0, -0, -0,
-0, -0, 1, 0, -0, -0, -0, -0, -0, -0,
-0]



[43]
./graphs1/K4
Solution status = Optimal
Solution value  = 10
Values = [1, 0, 0, 0, 0, 1, 0, 0, 0, 0,
1, 0, 0, 0, 0, 1]



[44]
./graphs1/K5
Solution status = Optimal
Solution value  = 15
Values = [1, 0, 0, 0, 0, 0, 1, 0, 0, 0,
0, 0, 1, 0, 0, 0, 0, 0, 1, 0,
0, 0, 0, 0, 1]



[45]
./graphs1/K5x5
Solution status = Optimal
Solution value  = 15
Values = [1, 0, 0, 0, 0, 0, 0, 0, 0, 0,
1, 0, 0, 0, 0, 0, 0, 0, 0, 0,
1, 0, 0, 0, 0, 0, 0, 0, 0, 0,
1, 0, 0, 0, 0, 0, 0, 0, 0, 0,
1, 0, 0, 0, 0, 0, 0, 0, 0, 0,
0, 1, 0, 0, 0, 0, 0, 0, 0, 0,
0, 1, 0, 0, 0, 0, 0, 0, 0, 0,
0, 1, 0, 0, 0, 0, 0, 0, 0, 0,
0, 1, 0, 0, 0, 0, 0, 0, 0, 0,
0, 1, 0, 0, 0, 0, 0, 0, 0, 0]



[46]
./graphs1/K5x6
Solution status = Optimal
Solution value  = 16
Values = [-0, 1, -0, -0, -0, -0, -0, -0, -0, -0,
-0, -0, 1, -0, -0, -0, -0, -0, -0, -0,
-0, -0, -0, 1, -0, -0, -0, -0, -0, -0,
-0, -0, -0, -0, 1, -0, -0, -0, -0, -0,
-0, -0, -0, -0, -0, 1, -0, -0, -0, -0,
-0, -0, -0, -0, -0, 1, 0, -0, -0, -0,
-0, -0, -0, -0, -0, -0, 1, 0, -0, -0,
-0, -0, -0, -0, -0, -0, -0, 1, 0, -0,
-0, -0, -0, -0, -0, -0, -0, -0, 1, 0,
-0, -0, -0, -0, -0, -0, -0, -0, -0, 1,
0, -0, -0, -0, -0, -0, -0, -0, -0, -0,
1, 0, -0, -0, -0, -0, -0, -0, -0, -0,
-0]



[47]
./graphs1/K6
Solution status = Optimal
Solution value  = 21
Values = [1, 0, 0, 0, 0, 0, 0, 1, 0, 0,
0, 0, 0, 0, 1, 0, 0, 0, 0, 0,
0, 1, 0, 0, 0, 0, 0, 0, 1, 0,
0, 0, 0, 0, 0, 1]



[48]
./graphs1/K6x6
Solution status = Optimal
Solution value  = 18
Values = [1, 0, 0, 0, 0, 0, 0, 0, 0, 0,
0, 0, 1, 0, 0, 0, 0, 0, 0, 0,
0, 0, 0, 0, 1, 0, 0, 0, 0, 0,
0, 0, 0, 0, 0, 0, 1, 0, 0, 0,
0, 0, 0, 0, 0, 0, 0, 0, 1, 0,
0, 0, 0, 0, 0, 0, 0, 0, 0, 0,
1, 0, 0, 0, 0, 0, 0, 0, 0, 0,
0, 0, 0, 1, 0, 0, 0, 0, 0, 0,
0, 0, 0, 0, 0, 1, 0, 0, 0, 0,
0, 0, 0, 0, 0, 0, 0, 1, 0, 0,
0, 0, 0, 0, 0, 0, 0, 0, 0, 1,
0, 0, 0, 0, 0, 0, 0, 0, 0, 0,
0, 1, 0, 0, 0, 0, 0, 0, 0, 0,
0, 0, 0, 1, 0, 0, 0, 0, 0, 0,
0, 0, 0, 0]



[49]
./graphs1/K7
Solution status = Optimal
Solution value  = 28
Values = [1, 0, 0, 0, 0, 0, 0, 0, 1, 0,
0, 0, 0, 0, 0, 0, 1, 0, 0, 0,
0, 0, 0, 0, 1, 0, 0, 0, 0, 0,
0, 0, 1, 0, 0, 0, 0, 0, 0, 0,
1, 0, 0, 0, 0, 0, 0, 0, 1]



[50]
./graphs1/K8
Solution status = Optimal
Solution value  = 36
Values = [1, 0, 0, 0, 0, 0, 0, 0, 0, 1,
0, 0, 0, 0, 0, 0, 0, 0, 1, 0,
0, 0, 0, 0, 0, 0, 0, 1, 0, 0,
0, 0, 0, 0, 0, 0, 1, 0, 0, 0,
0, 0, 0, 0, 0, 1, 0, 0, 0, 0,
0, 0, 0, 0, 1, 0, 0, 0, 0, 0,
0, 0, 0, 1]



[51]
./graphs1/K9
Solution status = Optimal
Solution value  = 45
Values = [1, 0, 0, 0, 0, 0, 0, 0, 0, 0,
1, 0, 0, 0, 0, 0, 0, 0, 0, 0,
1, 0, 0, 0, 0, 0, 0, 0, 0, 0,
1, 0, 0, 0, 0, 0, 0, 0, 0, 0,
1, 0, 0, 0, 0, 0, 0, 0, 0, 0,
1, 0, 0, 0, 0, 0, 0, 0, 0, 0,
1, 0, 0, 0, 0, 0, 0, 0, 0, 0,
1, 0, 0, 0, 0, 0, 0, 0, 0, 0,
1]



[52]
./graphs1/Krackhardt
Solution status = Optimal
Solution value  = 20
Values = [1, 0, -0, -0, -0, -0, -0, -0, -0, -0,
0, 1, -0, -0, -0, -0, -0, -0, -0, -0,
0, 0, 1, 0, -0, -0, -0, -0, -0, -0,
-0, -0, 0, 1, -0, -0, -0, -0, -0, -0,
1, -0, 0, -0, -0, -0, -0, -0, -0, -0,
-0, 1, 0, -0, -0, -0, -0, -0, -0, -0,
0, 0, 1, -0, -0, -0, -0, -0, -0, -0,
1, 0, -0, -0, -0, -0, -0, -0, -0, -0,
0, 1, -0, -0, -0, -0, -0, -0, -0, -0,
1, 0, -0, -0, -0, -0, -0, -0, -0, -0]



[53]
./graphs1/Octahedral
Solution status = Optimal
Solution value  = 12
Values = [1, 0, 0, 0, 0, 0, 0, 1, 0, 0,
0, 0, 0, 0, 1, 0, 0, 0, 0, 0,
1, 0, 0, 0, 0, 1, 0, 0, 0, 0,
1, 0, 0, 0, 0, 0]



[54]
./graphs1/Pappus
Solution status = Optimal
Solution value  = 27
Values = [1, 0, 0, 0, 0, 0, 0, 0, 0, 0,
0, 0, 0, 0, 0, 0, 0, 0, 0, 1,
0, 0, 0, 0, 0, 0, 0, 0, 0, 0,
0, 0, 0, 0, 0, 0, 1, 0, 0, 0,
0, 0, 0, 0, 0, 0, 0, 0, 0, 0,
0, 0, 0, 0, 0, 1, 0, 0, 0, 0,
0, 0, 0, 0, 0, 0, 0, 0, 0, 0,
0, 0, 1, 0, 0, 0, 0, 0, 0, 0,
0, 0, 0, 0, 0, 0, 0, 0, 0, 0,
0, 1, 0, 0, 0, 0, 0, 0, 0, 0,
0, 0, 0, 0, 0, 0, 0, 0, 0, 1,
0, 0, 0, 0, 0, 0, 0, 0, 0, 0,
0, 0, 0, 0, 0, 0, 1, 0, 0, 0,
0, 0, 0, 0, 0, 0, 0, 0, 0, 0,
0, 0, 0, 0, 0, 1, 0, 0, 0, 0,
0, 0, 0, 0, 0, 0, 0, 0, 0, 0,
0, 0, 1, 0, 0, 0, 0, 0, 0, 0,
0, 0, 0, 0, 0, 0, 0, 0, 0, 0,
0, 1, 0, 0, 0, 0, 0, 0, 0, 0,
0, 0, 0, 0, 0, 0, 0, 0, 1, 0,
0, 0, 0, 0, 0, 0, 0, 0, 0, 0,
0, 0, 0, 0, 0, 0, 0, 1, 0, 0,
0, 0, 0, 0, 0, 0, 0, 0, 0, 0,
0, 0, 0, 0, 1, 0, 0, 0, 0, 0,
0, 0, 0, 0, 0, 0, 0, 0, 0, 0,
0, 0, 0, 1, 0, 0, 0, 0, 0, 0,
0, 0, 0, 0, 0, 0, 0, 0, 0, 0,
1, 0, 0, 0, 0, 0, 0, 0, 0, 0,
0, 0, 0, 0, 0, 0, 0, 0, 0, 1,
0, 0, 0, 0, 0, 0, 0, 0, 0, 0,
0, 0, 0, 0, 0, 0, 1, 0, 0, 0,
0, 0, 0, 0, 0, 0, 0, 0, 0, 0,
0, 0, 0, 0]



[55]
./graphs1/Petersen
Solution status = Optimal
Solution value  = 19
Values = [1, 0, -0, -0, -0, -0, -0, -0, -0, -0,
-0, 1, -0, -0, -0, -0, -0, -0, -0, -0,
-0, 0, 1, -0, -0, -0, -0, -0, -0, -0,
1, 0, -0, -0, -0, -0, -0, -0, -0, -0,
0, 1, -0, -0, -0, -0, -0, -0, -0, -0,
0, 0, 1, -0, -0, -0, -0, -0, -0, -0,
1, 0, -0, -0, -0, -0, -0, -0, -0, -0,
1, 0, -0, -0, -0, -0, -0, -0, -0, -0,
0, 1, -0, -0, -0, -0, -0, -0, -0, -0,
0, 0, 1, -0, -0, -0, -0, -0, -0, -0]



[56]
./graphs1/Poussin
Solution status = Optimal
Solution value  = 34
Values = [0, 1, 0, 0, 0, 0, 0, 0, 0, 0,
0, 0, 0, 0, 0, 1, 0, 0, 0, 0,
0, 0, 0, 0, 0, 0, 0, 0, 0, 0,
0, 0, 0, 1, 0, 0, 0, 0, 0, 0,
0, 0, 0, 0, 0, 0, 1, 0, 0, 0,
0, 0, 0, 0, 0, 0, 0, 0, 0, 0,
1, 0, 0, 0, 0, 0, 0, 0, 0, 0,
0, 0, 0, 0, 0, 0, 0, 1, 0, 0,
0, 0, 0, 0, 0, 0, 0, 0, 0, 0,
0, 0, 0, 1, 0, 0, 0, 0, 0, 0,
0, 0, 0, 0, 0, 0, 0, 1, 0, 0,
0, 0, 0, 0, 0, 0, 0, 0, 0, 0,
1, 0, 0, 0, 0, 0, 0, 0, 0, 0,
0, 0, 0, 0, 0, 1, 0, 0, 0, 0,
0, 0, 0, 0, 0, 0, 0, 0, 0, 0,
0, 1, 0, 0, 0, 0, 0, 0, 0, 0,
0, 0, 0, 0, 0, 1, 0, 0, 0, 0,
0, 0, 0, 0, 0, 0, 0, 0, 0, 0,
0, 1, 0, 0, 0, 0, 0, 0, 0, 0,
0, 0, 0, 0, 0, 0, 0, 1, 0, 0,
0, 0, 0, 0, 0, 0, 0, 0, 0, 0,
0, 0, 0, 1, 0, 0, 0, 0, 0, 0,
0, 0, 0, 0, 0]



[57]
./graphs1/Q3
Solution status = Optimal
Solution value  = 12
Values = [1, 0, 0, 0, 0, 0, 0, 0, 0, 1,
0, 0, 0, 0, 0, 0, 0, 1, 0, 0,
0, 0, 0, 0, 1, 0, 0, 0, 0, 0,
0, 0, 0, 1, 0, 0, 0, 0, 0, 0,
1, 0, 0, 0, 0, 0, 0, 0, 1, 0,
0, 0, 0, 0, 0, 0, 0, 1, 0, 0,
0, 0, 0, 0]



[58]
./graphs1/Q4
Solution status = Optimal
Solution value  = 24
Values = [1, 0, 0, 0, 0, 0, 0, 0, 0, 0,
0, 0, 0, 0, 0, 0, 0, 1, 0, 0,
0, 0, 0, 0, 0, 0, 0, 0, 0, 0,
0, 0, 0, 1, 0, 0, 0, 0, 0, 0,
0, 0, 0, 0, 0, 0, 0, 0, 1, 0,
0, 0, 0, 0, 0, 0, 0, 0, 0, 0,
0, 0, 0, 0, 0, 1, 0, 0, 0, 0,
0, 0, 0, 0, 0, 0, 0, 0, 0, 0,
1, 0, 0, 0, 0, 0, 0, 0, 0, 0,
0, 0, 0, 0, 0, 0, 1, 0, 0, 0,
0, 0, 0, 0, 0, 0, 0, 0, 0, 0,
0, 0, 0, 1, 0, 0, 0, 0, 0, 0,
0, 0, 0, 0, 0, 0, 0, 0, 0, 1,
0, 0, 0, 0, 0, 0, 0, 0, 0, 0,
0, 0, 0, 0, 1, 0, 0, 0, 0, 0,
0, 0, 0, 0, 0, 0, 0, 0, 0, 0,
1, 0, 0, 0, 0, 0, 0, 0, 0, 0,
0, 0, 0, 0, 0, 0, 0, 1, 0, 0,
0, 0, 0, 0, 0, 0, 0, 0, 0, 0,
0, 0, 1, 0, 0, 0, 0, 0, 0, 0,
0, 0, 0, 0, 0, 0, 0, 0, 0, 1,
0, 0, 0, 0, 0, 0, 0, 0, 0, 0,
0, 0, 0, 0, 0, 1, 0, 0, 0, 0,
0, 0, 0, 0, 0, 0, 0, 0, 0, 0,
1, 0, 0, 0, 0, 0, 0, 0, 0, 0,
0, 0, 0, 0, 0, 0]



[59]
./graphs1/Robertson
Solution status = Optimal
Solution value  = 36
Values = [0, 1, 0, 0, 0, 0, 0, 0, 0, 0,
0, 0, 0, 0, 0, 0, 0, 0, 0, 0,
0, 1, 0, 0, 0, 0, 0, 0, 0, 0,
0, 0, 0, 0, 0, 0, 0, 0, 1, 0,
0, 0, 0, 0, 0, 0, 0, 0, 0, 0,
0, 0, 0, 0, 0, 0, 0, 0, 1, 0,
0, 0, 0, 0, 0, 0, 0, 0, 0, 0,
0, 0, 0, 0, 0, 0, 1, 0, 0, 0,
0, 0, 0, 0, 0, 0, 0, 0, 0, 0,
0, 0, 0, 0, 0, 0, 1, 0, 0, 0,
0, 0, 0, 0, 0, 0, 0, 0, 0, 0,
0, 0, 0, 0, 1, 0, 0, 0, 0, 0,
0, 0, 0, 0, 0, 0, 0, 0, 0, 0,
0, 0, 0, 0, 0, 1, 0, 0, 0, 0,
0, 0, 0, 0, 0, 0, 0, 0, 0, 0,
0, 0, 1, 0, 0, 0, 0, 0, 0, 0,
0, 0, 0, 0, 0, 0, 0, 0, 0, 0,
0, 0, 0, 1, 0, 0, 0, 0, 0, 0,
0, 0, 0, 0, 0, 0, 0, 0, 0, 0,
1, 0, 0, 0, 0, 0, 0, 0, 0, 0,
0, 0, 0, 0, 0, 0, 0, 0, 0, 0,
1, 0, 0, 0, 0, 0, 0, 0, 0, 0,
0, 0, 0, 0, 0, 0, 0, 0, 0, 0,
1, 0, 0, 0, 0, 0, 0, 0, 0, 0,
0, 0, 0, 0, 0, 0, 0, 0, 1, 0,
0, 0, 0, 0, 0, 0, 0, 0, 0, 0,
0, 0, 0, 0, 0, 0, 0, 0, 1, 0,
0, 0, 0, 0, 0, 0, 0, 0, 0, 0,
0, 0, 0, 0, 0, 0, 1, 0, 0, 0,
0, 0, 0, 0, 0, 0, 0, 0, 0, 0,
0, 0, 0, 0, 1, 0, 0, 0, 0, 0,
0, 0, 0, 0, 0, 0, 0, 0, 0, 0,
0, 0, 0, 0, 1, 0, 0, 0, 0, 0,
0, 0, 0, 0, 0, 0, 0, 0, 0, 0,
0, 0, 1, 0, 0, 0, 0, 0, 0, 0,
0, 0, 0, 0, 0, 0, 0, 0, 0, 0,
0]



[60]
./graphs1/S10
Solution status = Optimal
Solution value  = 12
Values = [0, 1, -0, -0, -0, -0, -0, -0, -0, -0,
-0, 1, 0, -0, -0, -0, -0, -0, -0, -0,
-0, -0, 1, 0, -0, -0, -0, -0, -0, -0,
-0, -0, -0, 1, 0, -0, -0, -0, -0, -0,
-0, -0, -0, -0, 1, 0, -0, -0, -0, -0,
-0, -0, -0, -0, -0, 1, 0, -0, -0, -0,
-0, -0, -0, -0, -0, -0, 1, 0, -0, -0,
-0, -0, -0, -0, -0, -0, -0, 1, 0, -0,
-0, -0, -0, -0, -0, -0, -0, -0, 1, 0,
-0, -0, -0, -0, -0, -0, -0, -0, -0, 1,
0, -0, -0, -0, -0, -0, -0, -0, -0, -0,
1, 0, -0, -0, -0, -0, -0, -0, -0, -0,
-0]



[61]
./graphs1/S2
Solution status = Optimal
Solution value  = 4
Values = [0, 1, -0, 1, 0, -0, 1, 0, -0]



[62]
./graphs1/S3
Solution status = Optimal
Solution value  = 5
Values = [0, 1, -0, -0, 1, 0, -0, -0, 1, 0,
-0, -0, 1, 0, -0, -0]



[63]
./graphs1/S4
Solution status = Optimal
Solution value  = 6
Values = [0, 1, -0, -0, -0, 1, 0, -0, -0, -0,
1, 0, -0, -0, -0, 1, 0, -0, -0, -0,
1, 0, -0, -0, -0]



[64]
./graphs1/S5
Solution status = Optimal
Solution value  = 7
Values = [0, 1, -0, -0, -0, -0, 1, 0, -0, -0,
-0, -0, 1, 0, -0, -0, -0, -0, 1, 0,
-0, -0, -0, -0, 1, 0, -0, -0, -0, -0,
1, 0, -0, -0, -0, -0]



[65]
./graphs1/S6
Solution status = Optimal
Solution value  = 8
Values = [0, 1, -0, -0, -0, -0, -0, 1, 0, -0,
-0, -0, -0, -0, 1, 0, -0, -0, -0, -0,
-0, 1, 0, -0, -0, -0, -0, -0, 1, 0,
-0, -0, -0, -0, -0, 1, 0, -0, -0, -0,
-0, -0, 1, 0, -0, -0, -0, -0, -0]



[66]
./graphs1/S7
Solution status = Optimal
Solution value  = 9
Values = [0, 1, -0, -0, -0, -0, -0, -0, 1, 0,
-0, -0, -0, -0, -0, -0, 1, 0, -0, -0,
-0, -0, -0, -0, 1, 0, -0, -0, -0, -0,
-0, -0, 1, 0, -0, -0, -0, -0, -0, -0,
1, 0, -0, -0, -0, -0, -0, -0, 1, 0,
-0, -0, -0, -0, -0, -0, 1, 0, -0, -0,
-0, -0, -0, -0]



[67]
./graphs1/S8
Solution status = Optimal
Solution value  = 10
Values = [0, 1, -0, -0, -0, -0, -0, -0, -0, 1,
0, -0, -0, -0, -0, -0, -0, -0, 1, 0,
-0, -0, -0, -0, -0, -0, -0, 1, 0, -0,
-0, -0, -0, -0, -0, -0, 1, 0, -0, -0,
-0, -0, -0, -0, -0, 1, 0, -0, -0, -0,
-0, -0, -0, -0, 1, 0, -0, -0, -0, -0,
-0, -0, -0, 1, 0, -0, -0, -0, -0, -0,
-0, -0, 1, 0, -0, -0, -0, -0, -0, -0,
-0]



[68]
./graphs1/S9
Solution status = Optimal
Solution value  = 11
Values = [0, 1, -0, -0, -0, -0, -0, -0, -0, -0,
1, 0, -0, -0, -0, -0, -0, -0, -0, -0,
1, 0, -0, -0, -0, -0, -0, -0, -0, -0,
1, 0, -0, -0, -0, -0, -0, -0, -0, -0,
1, 0, -0, -0, -0, -0, -0, -0, -0, -0,
1, 0, -0, -0, -0, -0, -0, -0, -0, -0,
1, 0, -0, -0, -0, -0, -0, -0, -0, -0,
1, 0, -0, -0, -0, -0, -0, -0, -0, -0,
1, 0, -0, -0, -0, -0, -0, -0, -0, -0,
1, 0, -0, -0, -0, -0, -0, -0, -0, -0]



[69]
./graphs1/Shrikhande
Solution status = Optimal
Solution value  = 40
Values = [-0, 0, 1, -0, -0, -0, -0, -0, -0, -0,
-0, -0, -0, -0, -0, -0, 0, 1, 0, -0,
-0, -0, -0, -0, -0, -0, -0, -0, -0, -0,
-0, -0, 1, 0, 0, 0, -0, -0, -0, -0,
-0, -0, -0, -0, -0, -0, -0, -0, 0, 0,
0, 1, -0, -0, -0, -0, -0, -0, -0, -0,
-0, -0, -0, -0, 0, 0, 1, 0, -0, -0,
-0, -0, -0, -0, -0, -0, -0, -0, -0, -0,
0, 1, 0, -0, -0, -0, -0, -0, -0, -0,
-0, -0, -0, -0, -0, -0, 1, -0, 0, -0,
-0, -0, -0, -0, -0, -0, -0, -0, -0, -0,
-0, -0, 0, 0, -0, 1, -0, -0, -0, -0,
-0, -0, -0, -0, -0, -0, -0, -0, 1, 0,
0, -0, -0, -0, -0, -0, -0, -0, -0, -0,
-0, -0, -0, -0, 0, 1, 0, -0, -0, -0,
-0, -0, -0, -0, -0, -0, -0, -0, -0, -0,
-0, -0, 1, 0, -0, -0, -0, -0, -0, -0,
-0, -0, -0, -0, -0, -0, 0, -0, 0, 1,
-0, -0, -0, -0, -0, -0, -0, -0, -0, -0,
-0, -0, 1, -0, 0, 0, -0, -0, -0, -0,
-0, -0, -0, -0, -0, -0, -0, -0, 0, 1,
0, -0, -0, -0, -0, -0, -0, -0, -0, -0,
-0, -0, -0, -0, 0, -0, 1, 0, -0, -0,
-0, -0, -0, -0, -0, -0, -0, -0, -0, -0,
-0, -0, 0, 1, -0, -0, -0, -0, -0, -0,
-0, -0, -0, -0, -0, -0]



[70]
./graphs1/Sousselier
Solution status = Optimal
Solution value  = 30
Values = [1, 0, 0, 0, 0, 0, -0, -0, -0, -0,
-0, -0, -0, -0, -0, -0, 0, 1, 0, 0,
0, -0, -0, -0, -0, -0, -0, -0, -0, -0,
-0, -0, 1, 0, 0, 0, 0, 0, -0, -0,
-0, -0, -0, -0, -0, -0, -0, -0, 0, 1,
0, 0, 0, 0, -0, -0, -0, -0, -0, -0,
-0, -0, -0, -0, 1, 0, 0, 0, 0, 0,
-0, -0, -0, -0, -0, -0, -0, -0, -0, -0,
0, 0, 1, 0, 0, 0, -0, -0, -0, -0,
-0, -0, -0, -0, -0, -0, 0, 1, 0, 0,
0, 0, -0, -0, -0, -0, -0, -0, -0, -0,
-0, -0, 1, 0, 0, 0, 0, 0, -0, -0,
-0, -0, -0, -0, -0, -0, -0, -0, 0, 0,
1, 0, 0, 0, -0, -0, -0, -0, -0, -0,
-0, -0, -0, -0, 0, 1, 0, 0, 0, -0,
-0, -0, -0, -0, -0, -0, -0, -0, -0, -0,
1, 0, 0, 0, 0, 0, -0, -0, -0, -0,
-0, -0, -0, -0, -0, -0, 0, 1, 0, 0,
0, 0, -0, -0, -0, -0, -0, -0, -0, -0,
-0, -0, 1, 0, 0, 0, 0, 0, -0, -0,
-0, -0, -0, -0, -0, -0, -0, -0, 0, 1,
0, 0, 0, 0, -0, -0, -0, -0, -0, -0,
-0, -0, -0, -0, 0, 0, 1, 0, 0, 0,
-0, -0, -0, -0, -0, -0, -0, -0, -0, -0,
0, 0, 1, 0, 0, 0, -0, -0, -0, -0,
-0, -0, -0, -0, -0, -0]



[71]
./graphs1/Tietze
Solution status = Optimal
Solution value  = 22
Values = [1, 0, 0, 0, 0, 0, 0, 0, 0, 0,
0, 0, 0, 1, 0, 0, 0, 0, 0, 0,
0, 0, 0, 0, 1, 0, 0, 0, 0, 0,
0, 0, 0, 0, 0, 0, 0, 1, 0, 0,
0, 0, 0, 0, 0, 0, 0, 0, 1, 0,
0, 0, 0, 0, 0, 0, 0, 0, 0, 0,
0, 0, 1, 0, 0, 0, 0, 0, 0, 0,
0, 0, 1, 0, 0, 0, 0, 0, 0, 0,
0, 0, 0, 0, 0, 1, 0, 0, 0, 0,
0, 0, 0, 0, 0, 0, 0, 0, 1, 0,
0, 0, 0, 0, 0, 0, 0, 0, 0, 1,
0, 0, 0, 0, 0, 0, 0, 0, 0, 0,
1, 0, 0, 0, 0, 0, 0, 0, 0, 0,
0, 0, 0, 0, 1, 0, 0, 0, 0, 0,
0, 0, 0, 0]



[72]
./graphs1/Wagner
Solution status = Optimal
Solution value  = 15
Values = [1, 0, 0, 0, 0, 0, 0, 0, 0, 1,
0, 0, 0, 0, 0, 0, 1, 0, 0, 0,
0, 0, 0, 0, 0, 1, 0, 0, 0, 0,
0, 0, 0, 0, 1, 0, 0, 0, 0, 0,
1, 0, 0, 0, 0, 0, 0, 0, 0, 1,
0, 0, 0, 0, 0, 0, 0, 0, 1, 0,
0, 0, 0, 0]



